#
# There is insufficient memory for the Java Runtime Environment to continue.
# Native memory allocation (malloc) failed to allocate 256336 bytes for Chunk::new
# Possible reasons:
#   The system is out of physical RAM or swap space
#   The process is running with CompressedOops enabled, and the Java Heap may be blocking the growth of the native heap
# Possible solutions:
#   Reduce memory load on the system
#   Increase physical memory or swap space
#   Check if swap backing store is full
#   Decrease Java heap size (-Xmx/-Xms)
#   Decrease number of Java threads
#   Decrease Java thread stack sizes (-Xss)
#   Set larger code cache with -XX:ReservedCodeCacheSize=
#   JVM is running with Unscaled Compressed Oops mode in which the Java heap is
#     placed in the first 4GB address space. The Java Heap base address is the
#     maximum limit for the native heap growth. Please use -XX:HeapBaseMinAddress
#     to set the Java Heap base and to place the Java Heap above 4GB virtual address.
# This output file may be truncated or incomplete.
#
#  Out of Memory Error (t:/workspace/open/src/hotspot/share/memory/arena.cpp:196), pid=1524, tid=8480
#
# JRE version: Java(TM) SE Runtime Environment (13.0+33) (build 13+33)
# Java VM: Java HotSpot(TM) 64-Bit Server VM (13+33, mixed mode, sharing, tiered, compressed oops, g1 gc, windows-amd64)
# No core dump will be written. Minidumps are not enabled by default on client versions of Windows
#

---------------  S U M M A R Y ------------

Command Line: -Dfile.encoding=UTF-8 --module-path=C:\sqljdbc6-4.2.jar;C:\Users\Nguyen Duc Thien\Desktop\lib\jcalendar-1.4.jar GiaoDien.FormGiaoDien

Host: Intel(R) Core(TM) i5-8265U CPU @ 1.60GHz, 8 cores, 7G,  Windows 10 , 64 bit Build 17763 (10.0.17763.475)
Time: Sat Nov  9 23:11:05 2019 SE Asia Standard Time elapsed time: 0 seconds (0d 0h 0m 0s)

---------------  T H R E A D  ---------------

Current thread (0x0000025032238800):  JavaThread "C2 CompilerThread1" daemon [_thread_in_native, id=8480, stack(0x0000006da2000000,0x0000006da2100000)]


Current CompileTask:
C2:    293  363 %     4       sun.security.provider.SHA::implCompress0 @ 3 (482 bytes)

Stack: [0x0000006da2000000,0x0000006da2100000]
Native frames: (J=compiled Java code, j=interpreted, Vv=VM code, C=native code)
V  [jvm.dll+0x626eaa]
V  [jvm.dll+0x772c4a]
V  [jvm.dll+0x7743ff]
V  [jvm.dll+0x774a03]
V  [jvm.dll+0x24da38]
V  [jvm.dll+0xc3ae7]
V  [jvm.dll+0xc406c]
V  [jvm.dll+0x2bfa64]
V  [jvm.dll+0x545e4d]
V  [jvm.dll+0x20fd2a]
V  [jvm.dll+0x209740]
V  [jvm.dll+0x2069bd]
V  [jvm.dll+0x18b94c]
V  [jvm.dll+0x2159bd]
V  [jvm.dll+0x213e6b]
V  [jvm.dll+0x738af6]
V  [jvm.dll+0x731bea]
V  [jvm.dll+0x6260a6]
C  [ucrtbase.dll+0x21ffa]
C  [KERNEL32.DLL+0x17974]
C  [ntdll.dll+0x6a271]


---------------  P R O C E S S  ---------------

Threads class SMR info:
_java_thread_list=0x00000250321bea90, length=10, elements={
0x00000250127bb800, 0x0000025031669000, 0x0000025031676000, 0x000002503168c000,
0x000002503168f000, 0x0000025031690800, 0x0000025031696000, 0x00000250316ac800,
0x000002503164f000, 0x0000025032238800
}

Java Threads: ( => current thread )
  0x00000250127bb800 JavaThread "main" [_thread_in_Java, id=1468, stack(0x0000006da1000000,0x0000006da1100000)]
  0x0000025031669000 JavaThread "Reference Handler" daemon [_thread_blocked, id=6560, stack(0x0000006da1700000,0x0000006da1800000)]
  0x0000025031676000 JavaThread "Finalizer" daemon [_thread_blocked, id=2668, stack(0x0000006da1800000,0x0000006da1900000)]
  0x000002503168c000 JavaThread "Signal Dispatcher" daemon [_thread_blocked, id=1500, stack(0x0000006da1900000,0x0000006da1a00000)]
  0x000002503168f000 JavaThread "Attach Listener" daemon [_thread_blocked, id=14800, stack(0x0000006da1a00000,0x0000006da1b00000)]
  0x0000025031690800 JavaThread "C2 CompilerThread0" daemon [_thread_in_native, id=5896, stack(0x0000006da1b00000,0x0000006da1c00000)]
  0x0000025031696000 JavaThread "C1 CompilerThread0" daemon [_thread_in_native, id=15224, stack(0x0000006da1c00000,0x0000006da1d00000)]
  0x00000250316ac800 JavaThread "Sweeper thread" daemon [_thread_blocked, id=14756, stack(0x0000006da1d00000,0x0000006da1e00000)]
  0x000002503164f000 JavaThread "Common-Cleaner" daemon [_thread_blocked, id=14464, stack(0x0000006da1e00000,0x0000006da1f00000)]
=>0x0000025032238800 JavaThread "C2 CompilerThread1" daemon [_thread_in_native, id=8480, stack(0x0000006da2000000,0x0000006da2100000)]

Other Threads:
  0x0000025031666000 VMThread "VM Thread" [stack: 0x0000006da1600000,0x0000006da1700000] [id=2584]
  0x00000250127fe000 GCTaskThread "GC Thread#0" [stack: 0x0000006da1100000,0x0000006da1200000] [id=11708]
  0x000002501280f800 ConcurrentGCThread "G1 Main Marker" [stack: 0x0000006da1200000,0x0000006da1300000] [id=10048]
  0x0000025012811800 ConcurrentGCThread "G1 Conc#0" [stack: 0x0000006da1300000,0x0000006da1400000] [id=10444]
  0x00000250314e1000 ConcurrentGCThread "G1 Refine#0" [stack: 0x0000006da1400000,0x0000006da1500000] [id=13540]
  0x00000250314e5800 ConcurrentGCThread "G1 Young RemSet Sampling" [stack: 0x0000006da1500000,0x0000006da1600000] [id=12128]

Threads with active compile tasks:
C2 CompilerThread0      307  440       4       java.util.HashMap::putVal (300 bytes)
C1 CompilerThread0      308  449       3       java.util.ImmutableCollections$SetN$SetNIterator::<init> (40 bytes)
C2 CompilerThread1      308  363 %     4       sun.security.provider.SHA::implCompress0 @ 3 (482 bytes)

VM state:not at safepoint (normal execution)

VM Mutex/Monitor currently owned by a thread: None

Heap address: 0x0000000082400000, size: 2012 MB, Compressed Oops mode: 32-bit
Narrow klass base: 0x0000000800000000, Narrow klass shift: 3
Compressed class space size: 1073741824 Address: 0x0000000800b40000

Heap:
 garbage-first heap   total 129024K, used 4096K [0x0000000082400000, 0x0000000100000000)
  region size 1024K, 5 young (5120K), 0 survivors (0K)
 Metaspace       used 2484K, capacity 4632K, committed 4864K, reserved 1056768K
  class space    used 251K, capacity 438K, committed 512K, reserved 1048576K
Heap Regions: E=young(eden), S=young(survivor), O=old, HS=humongous(starts), HC=humongous(continues), CS=collection set, F=free, A=archive, TAMS=top-at-mark-start (previous, next)
|   0|0x0000000082400000, 0x0000000082400000, 0x0000000082500000|  0%| F|  |TAMS 0x0000000082400000, 0x0000000082400000| Untracked 
|   1|0x0000000082500000, 0x0000000082500000, 0x0000000082600000|  0%| F|  |TAMS 0x0000000082500000, 0x0000000082500000| Untracked 
|   2|0x0000000082600000, 0x0000000082600000, 0x0000000082700000|  0%| F|  |TAMS 0x0000000082600000, 0x0000000082600000| Untracked 
|   3|0x0000000082700000, 0x0000000082700000, 0x0000000082800000|  0%| F|  |TAMS 0x0000000082700000, 0x0000000082700000| Untracked 
|   4|0x0000000082800000, 0x0000000082800000, 0x0000000082900000|  0%| F|  |TAMS 0x0000000082800000, 0x0000000082800000| Untracked 
|   5|0x0000000082900000, 0x0000000082900000, 0x0000000082a00000|  0%| F|  |TAMS 0x0000000082900000, 0x0000000082900000| Untracked 
|   6|0x0000000082a00000, 0x0000000082a00000, 0x0000000082b00000|  0%| F|  |TAMS 0x0000000082a00000, 0x0000000082a00000| Untracked 
|   7|0x0000000082b00000, 0x0000000082b00000, 0x0000000082c00000|  0%| F|  |TAMS 0x0000000082b00000, 0x0000000082b00000| Untracked 
|   8|0x0000000082c00000, 0x0000000082c00000, 0x0000000082d00000|  0%| F|  |TAMS 0x0000000082c00000, 0x0000000082c00000| Untracked 
|   9|0x0000000082d00000, 0x0000000082d00000, 0x0000000082e00000|  0%| F|  |TAMS 0x0000000082d00000, 0x0000000082d00000| Untracked 
|  10|0x0000000082e00000, 0x0000000082e00000, 0x0000000082f00000|  0%| F|  |TAMS 0x0000000082e00000, 0x0000000082e00000| Untracked 
|  11|0x0000000082f00000, 0x0000000082f00000, 0x0000000083000000|  0%| F|  |TAMS 0x0000000082f00000, 0x0000000082f00000| Untracked 
|  12|0x0000000083000000, 0x0000000083000000, 0x0000000083100000|  0%| F|  |TAMS 0x0000000083000000, 0x0000000083000000| Untracked 
|  13|0x0000000083100000, 0x0000000083100000, 0x0000000083200000|  0%| F|  |TAMS 0x0000000083100000, 0x0000000083100000| Untracked 
|  14|0x0000000083200000, 0x0000000083200000, 0x0000000083300000|  0%| F|  |TAMS 0x0000000083200000, 0x0000000083200000| Untracked 
|  15|0x0000000083300000, 0x0000000083300000, 0x0000000083400000|  0%| F|  |TAMS 0x0000000083300000, 0x0000000083300000| Untracked 
|  16|0x0000000083400000, 0x0000000083400000, 0x0000000083500000|  0%| F|  |TAMS 0x0000000083400000, 0x0000000083400000| Untracked 
|  17|0x0000000083500000, 0x0000000083500000, 0x0000000083600000|  0%| F|  |TAMS 0x0000000083500000, 0x0000000083500000| Untracked 
|  18|0x0000000083600000, 0x0000000083600000, 0x0000000083700000|  0%| F|  |TAMS 0x0000000083600000, 0x0000000083600000| Untracked 
|  19|0x0000000083700000, 0x0000000083700000, 0x0000000083800000|  0%| F|  |TAMS 0x0000000083700000, 0x0000000083700000| Untracked 
|  20|0x0000000083800000, 0x0000000083800000, 0x0000000083900000|  0%| F|  |TAMS 0x0000000083800000, 0x0000000083800000| Untracked 
|  21|0x0000000083900000, 0x0000000083900000, 0x0000000083a00000|  0%| F|  |TAMS 0x0000000083900000, 0x0000000083900000| Untracked 
|  22|0x0000000083a00000, 0x0000000083a00000, 0x0000000083b00000|  0%| F|  |TAMS 0x0000000083a00000, 0x0000000083a00000| Untracked 
|  23|0x0000000083b00000, 0x0000000083b00000, 0x0000000083c00000|  0%| F|  |TAMS 0x0000000083b00000, 0x0000000083b00000| Untracked 
|  24|0x0000000083c00000, 0x0000000083c00000, 0x0000000083d00000|  0%| F|  |TAMS 0x0000000083c00000, 0x0000000083c00000| Untracked 
|  25|0x0000000083d00000, 0x0000000083d00000, 0x0000000083e00000|  0%| F|  |TAMS 0x0000000083d00000, 0x0000000083d00000| Untracked 
|  26|0x0000000083e00000, 0x0000000083e00000, 0x0000000083f00000|  0%| F|  |TAMS 0x0000000083e00000, 0x0000000083e00000| Untracked 
|  27|0x0000000083f00000, 0x0000000083f00000, 0x0000000084000000|  0%| F|  |TAMS 0x0000000083f00000, 0x0000000083f00000| Untracked 
|  28|0x0000000084000000, 0x0000000084000000, 0x0000000084100000|  0%| F|  |TAMS 0x0000000084000000, 0x0000000084000000| Untracked 
|  29|0x0000000084100000, 0x0000000084100000, 0x0000000084200000|  0%| F|  |TAMS 0x0000000084100000, 0x0000000084100000| Untracked 
|  30|0x0000000084200000, 0x0000000084200000, 0x0000000084300000|  0%| F|  |TAMS 0x0000000084200000, 0x0000000084200000| Untracked 
|  31|0x0000000084300000, 0x0000000084300000, 0x0000000084400000|  0%| F|  |TAMS 0x0000000084300000, 0x0000000084300000| Untracked 
|  32|0x0000000084400000, 0x0000000084400000, 0x0000000084500000|  0%| F|  |TAMS 0x0000000084400000, 0x0000000084400000| Untracked 
|  33|0x0000000084500000, 0x0000000084500000, 0x0000000084600000|  0%| F|  |TAMS 0x0000000084500000, 0x0000000084500000| Untracked 
|  34|0x0000000084600000, 0x0000000084600000, 0x0000000084700000|  0%| F|  |TAMS 0x0000000084600000, 0x0000000084600000| Untracked 
|  35|0x0000000084700000, 0x0000000084700000, 0x0000000084800000|  0%| F|  |TAMS 0x0000000084700000, 0x0000000084700000| Untracked 
|  36|0x0000000084800000, 0x0000000084800000, 0x0000000084900000|  0%| F|  |TAMS 0x0000000084800000, 0x0000000084800000| Untracked 
|  37|0x0000000084900000, 0x0000000084900000, 0x0000000084a00000|  0%| F|  |TAMS 0x0000000084900000, 0x0000000084900000| Untracked 
|  38|0x0000000084a00000, 0x0000000084a00000, 0x0000000084b00000|  0%| F|  |TAMS 0x0000000084a00000, 0x0000000084a00000| Untracked 
|  39|0x0000000084b00000, 0x0000000084b00000, 0x0000000084c00000|  0%| F|  |TAMS 0x0000000084b00000, 0x0000000084b00000| Untracked 
|  40|0x0000000084c00000, 0x0000000084c00000, 0x0000000084d00000|  0%| F|  |TAMS 0x0000000084c00000, 0x0000000084c00000| Untracked 
|  41|0x0000000084d00000, 0x0000000084d00000, 0x0000000084e00000|  0%| F|  |TAMS 0x0000000084d00000, 0x0000000084d00000| Untracked 
|  42|0x0000000084e00000, 0x0000000084e00000, 0x0000000084f00000|  0%| F|  |TAMS 0x0000000084e00000, 0x0000000084e00000| Untracked 
|  43|0x0000000084f00000, 0x0000000084f00000, 0x0000000085000000|  0%| F|  |TAMS 0x0000000084f00000, 0x0000000084f00000| Untracked 
|  44|0x0000000085000000, 0x0000000085000000, 0x0000000085100000|  0%| F|  |TAMS 0x0000000085000000, 0x0000000085000000| Untracked 
|  45|0x0000000085100000, 0x0000000085100000, 0x0000000085200000|  0%| F|  |TAMS 0x0000000085100000, 0x0000000085100000| Untracked 
|  46|0x0000000085200000, 0x0000000085200000, 0x0000000085300000|  0%| F|  |TAMS 0x0000000085200000, 0x0000000085200000| Untracked 
|  47|0x0000000085300000, 0x0000000085300000, 0x0000000085400000|  0%| F|  |TAMS 0x0000000085300000, 0x0000000085300000| Untracked 
|  48|0x0000000085400000, 0x0000000085400000, 0x0000000085500000|  0%| F|  |TAMS 0x0000000085400000, 0x0000000085400000| Untracked 
|  49|0x0000000085500000, 0x0000000085500000, 0x0000000085600000|  0%| F|  |TAMS 0x0000000085500000, 0x0000000085500000| Untracked 
|  50|0x0000000085600000, 0x0000000085600000, 0x0000000085700000|  0%| F|  |TAMS 0x0000000085600000, 0x0000000085600000| Untracked 
|  51|0x0000000085700000, 0x0000000085700000, 0x0000000085800000|  0%| F|  |TAMS 0x0000000085700000, 0x0000000085700000| Untracked 
|  52|0x0000000085800000, 0x0000000085800000, 0x0000000085900000|  0%| F|  |TAMS 0x0000000085800000, 0x0000000085800000| Untracked 
|  53|0x0000000085900000, 0x0000000085900000, 0x0000000085a00000|  0%| F|  |TAMS 0x0000000085900000, 0x0000000085900000| Untracked 
|  54|0x0000000085a00000, 0x0000000085a00000, 0x0000000085b00000|  0%| F|  |TAMS 0x0000000085a00000, 0x0000000085a00000| Untracked 
|  55|0x0000000085b00000, 0x0000000085b00000, 0x0000000085c00000|  0%| F|  |TAMS 0x0000000085b00000, 0x0000000085b00000| Untracked 
|  56|0x0000000085c00000, 0x0000000085c00000, 0x0000000085d00000|  0%| F|  |TAMS 0x0000000085c00000, 0x0000000085c00000| Untracked 
|  57|0x0000000085d00000, 0x0000000085d00000, 0x0000000085e00000|  0%| F|  |TAMS 0x0000000085d00000, 0x0000000085d00000| Untracked 
|  58|0x0000000085e00000, 0x0000000085e00000, 0x0000000085f00000|  0%| F|  |TAMS 0x0000000085e00000, 0x0000000085e00000| Untracked 
|  59|0x0000000085f00000, 0x0000000085f00000, 0x0000000086000000|  0%| F|  |TAMS 0x0000000085f00000, 0x0000000085f00000| Untracked 
|  60|0x0000000086000000, 0x0000000086000000, 0x0000000086100000|  0%| F|  |TAMS 0x0000000086000000, 0x0000000086000000| Untracked 
|  61|0x0000000086100000, 0x0000000086100000, 0x0000000086200000|  0%| F|  |TAMS 0x0000000086100000, 0x0000000086100000| Untracked 
|  62|0x0000000086200000, 0x0000000086200000, 0x0000000086300000|  0%| F|  |TAMS 0x0000000086200000, 0x0000000086200000| Untracked 
|  63|0x0000000086300000, 0x0000000086300000, 0x0000000086400000|  0%| F|  |TAMS 0x0000000086300000, 0x0000000086300000| Untracked 
|  64|0x0000000086400000, 0x0000000086400000, 0x0000000086500000|  0%| F|  |TAMS 0x0000000086400000, 0x0000000086400000| Untracked 
|  65|0x0000000086500000, 0x0000000086500000, 0x0000000086600000|  0%| F|  |TAMS 0x0000000086500000, 0x0000000086500000| Untracked 
|  66|0x0000000086600000, 0x0000000086600000, 0x0000000086700000|  0%| F|  |TAMS 0x0000000086600000, 0x0000000086600000| Untracked 
|  67|0x0000000086700000, 0x0000000086700000, 0x0000000086800000|  0%| F|  |TAMS 0x0000000086700000, 0x0000000086700000| Untracked 
|  68|0x0000000086800000, 0x0000000086800000, 0x0000000086900000|  0%| F|  |TAMS 0x0000000086800000, 0x0000000086800000| Untracked 
|  69|0x0000000086900000, 0x0000000086900000, 0x0000000086a00000|  0%| F|  |TAMS 0x0000000086900000, 0x0000000086900000| Untracked 
|  70|0x0000000086a00000, 0x0000000086a00000, 0x0000000086b00000|  0%| F|  |TAMS 0x0000000086a00000, 0x0000000086a00000| Untracked 
|  71|0x0000000086b00000, 0x0000000086b00000, 0x0000000086c00000|  0%| F|  |TAMS 0x0000000086b00000, 0x0000000086b00000| Untracked 
|  72|0x0000000086c00000, 0x0000000086c00000, 0x0000000086d00000|  0%| F|  |TAMS 0x0000000086c00000, 0x0000000086c00000| Untracked 
|  73|0x0000000086d00000, 0x0000000086d00000, 0x0000000086e00000|  0%| F|  |TAMS 0x0000000086d00000, 0x0000000086d00000| Untracked 
|  74|0x0000000086e00000, 0x0000000086e00000, 0x0000000086f00000|  0%| F|  |TAMS 0x0000000086e00000, 0x0000000086e00000| Untracked 
|  75|0x0000000086f00000, 0x0000000086f00000, 0x0000000087000000|  0%| F|  |TAMS 0x0000000086f00000, 0x0000000086f00000| Untracked 
|  76|0x0000000087000000, 0x0000000087000000, 0x0000000087100000|  0%| F|  |TAMS 0x0000000087000000, 0x0000000087000000| Untracked 
|  77|0x0000000087100000, 0x0000000087100000, 0x0000000087200000|  0%| F|  |TAMS 0x0000000087100000, 0x0000000087100000| Untracked 
|  78|0x0000000087200000, 0x0000000087200000, 0x0000000087300000|  0%| F|  |TAMS 0x0000000087200000, 0x0000000087200000| Untracked 
|  79|0x0000000087300000, 0x0000000087300000, 0x0000000087400000|  0%| F|  |TAMS 0x0000000087300000, 0x0000000087300000| Untracked 
|  80|0x0000000087400000, 0x0000000087400000, 0x0000000087500000|  0%| F|  |TAMS 0x0000000087400000, 0x0000000087400000| Untracked 
|  81|0x0000000087500000, 0x0000000087500000, 0x0000000087600000|  0%| F|  |TAMS 0x0000000087500000, 0x0000000087500000| Untracked 
|  82|0x0000000087600000, 0x0000000087600000, 0x0000000087700000|  0%| F|  |TAMS 0x0000000087600000, 0x0000000087600000| Untracked 
|  83|0x0000000087700000, 0x0000000087700000, 0x0000000087800000|  0%| F|  |TAMS 0x0000000087700000, 0x0000000087700000| Untracked 
|  84|0x0000000087800000, 0x0000000087800000, 0x0000000087900000|  0%| F|  |TAMS 0x0000000087800000, 0x0000000087800000| Untracked 
|  85|0x0000000087900000, 0x0000000087900000, 0x0000000087a00000|  0%| F|  |TAMS 0x0000000087900000, 0x0000000087900000| Untracked 
|  86|0x0000000087a00000, 0x0000000087a00000, 0x0000000087b00000|  0%| F|  |TAMS 0x0000000087a00000, 0x0000000087a00000| Untracked 
|  87|0x0000000087b00000, 0x0000000087b00000, 0x0000000087c00000|  0%| F|  |TAMS 0x0000000087b00000, 0x0000000087b00000| Untracked 
|  88|0x0000000087c00000, 0x0000000087c00000, 0x0000000087d00000|  0%| F|  |TAMS 0x0000000087c00000, 0x0000000087c00000| Untracked 
|  89|0x0000000087d00000, 0x0000000087d00000, 0x0000000087e00000|  0%| F|  |TAMS 0x0000000087d00000, 0x0000000087d00000| Untracked 
|  90|0x0000000087e00000, 0x0000000087e00000, 0x0000000087f00000|  0%| F|  |TAMS 0x0000000087e00000, 0x0000000087e00000| Untracked 
|  91|0x0000000087f00000, 0x0000000087f00000, 0x0000000088000000|  0%| F|  |TAMS 0x0000000087f00000, 0x0000000087f00000| Untracked 
|  92|0x0000000088000000, 0x0000000088000000, 0x0000000088100000|  0%| F|  |TAMS 0x0000000088000000, 0x0000000088000000| Untracked 
|  93|0x0000000088100000, 0x0000000088100000, 0x0000000088200000|  0%| F|  |TAMS 0x0000000088100000, 0x0000000088100000| Untracked 
|  94|0x0000000088200000, 0x0000000088200000, 0x0000000088300000|  0%| F|  |TAMS 0x0000000088200000, 0x0000000088200000| Untracked 
|  95|0x0000000088300000, 0x0000000088300000, 0x0000000088400000|  0%| F|  |TAMS 0x0000000088300000, 0x0000000088300000| Untracked 
|  96|0x0000000088400000, 0x0000000088400000, 0x0000000088500000|  0%| F|  |TAMS 0x0000000088400000, 0x0000000088400000| Untracked 
|  97|0x0000000088500000, 0x0000000088500000, 0x0000000088600000|  0%| F|  |TAMS 0x0000000088500000, 0x0000000088500000| Untracked 
|  98|0x0000000088600000, 0x0000000088600000, 0x0000000088700000|  0%| F|  |TAMS 0x0000000088600000, 0x0000000088600000| Untracked 
|  99|0x0000000088700000, 0x0000000088700000, 0x0000000088800000|  0%| F|  |TAMS 0x0000000088700000, 0x0000000088700000| Untracked 
| 100|0x0000000088800000, 0x0000000088800000, 0x0000000088900000|  0%| F|  |TAMS 0x0000000088800000, 0x0000000088800000| Untracked 
| 101|0x0000000088900000, 0x0000000088900000, 0x0000000088a00000|  0%| F|  |TAMS 0x0000000088900000, 0x0000000088900000| Untracked 
| 102|0x0000000088a00000, 0x0000000088a00000, 0x0000000088b00000|  0%| F|  |TAMS 0x0000000088a00000, 0x0000000088a00000| Untracked 
| 103|0x0000000088b00000, 0x0000000088b00000, 0x0000000088c00000|  0%| F|  |TAMS 0x0000000088b00000, 0x0000000088b00000| Untracked 
| 104|0x0000000088c00000, 0x0000000088c00000, 0x0000000088d00000|  0%| F|  |TAMS 0x0000000088c00000, 0x0000000088c00000| Untracked 
| 105|0x0000000088d00000, 0x0000000088d00000, 0x0000000088e00000|  0%| F|  |TAMS 0x0000000088d00000, 0x0000000088d00000| Untracked 
| 106|0x0000000088e00000, 0x0000000088e00000, 0x0000000088f00000|  0%| F|  |TAMS 0x0000000088e00000, 0x0000000088e00000| Untracked 
| 107|0x0000000088f00000, 0x0000000088f00000, 0x0000000089000000|  0%| F|  |TAMS 0x0000000088f00000, 0x0000000088f00000| Untracked 
| 108|0x0000000089000000, 0x0000000089000000, 0x0000000089100000|  0%| F|  |TAMS 0x0000000089000000, 0x0000000089000000| Untracked 
| 109|0x0000000089100000, 0x0000000089100000, 0x0000000089200000|  0%| F|  |TAMS 0x0000000089100000, 0x0000000089100000| Untracked 
| 110|0x0000000089200000, 0x0000000089200000, 0x0000000089300000|  0%| F|  |TAMS 0x0000000089200000, 0x0000000089200000| Untracked 
| 111|0x0000000089300000, 0x0000000089300000, 0x0000000089400000|  0%| F|  |TAMS 0x0000000089300000, 0x0000000089300000| Untracked 
| 112|0x0000000089400000, 0x0000000089400000, 0x0000000089500000|  0%| F|  |TAMS 0x0000000089400000, 0x0000000089400000| Untracked 
| 113|0x0000000089500000, 0x0000000089500000, 0x0000000089600000|  0%| F|  |TAMS 0x0000000089500000, 0x0000000089500000| Untracked 
| 114|0x0000000089600000, 0x0000000089600000, 0x0000000089700000|  0%| F|  |TAMS 0x0000000089600000, 0x0000000089600000| Untracked 
| 115|0x0000000089700000, 0x0000000089700000, 0x0000000089800000|  0%| F|  |TAMS 0x0000000089700000, 0x0000000089700000| Untracked 
| 116|0x0000000089800000, 0x0000000089800000, 0x0000000089900000|  0%| F|  |TAMS 0x0000000089800000, 0x0000000089800000| Untracked 
| 117|0x0000000089900000, 0x0000000089900000, 0x0000000089a00000|  0%| F|  |TAMS 0x0000000089900000, 0x0000000089900000| Untracked 
| 118|0x0000000089a00000, 0x0000000089a00000, 0x0000000089b00000|  0%| F|  |TAMS 0x0000000089a00000, 0x0000000089a00000| Untracked 
| 119|0x0000000089b00000, 0x0000000089b00000, 0x0000000089c00000|  0%| F|  |TAMS 0x0000000089b00000, 0x0000000089b00000| Untracked 
| 120|0x0000000089c00000, 0x0000000089c00000, 0x0000000089d00000|  0%| F|  |TAMS 0x0000000089c00000, 0x0000000089c00000| Untracked 
| 121|0x0000000089d00000, 0x0000000089d7b630, 0x0000000089e00000| 48%| E|  |TAMS 0x0000000089d00000, 0x0000000089d00000| Complete 
| 122|0x0000000089e00000, 0x0000000089f00000, 0x0000000089f00000|100%| E|CS|TAMS 0x0000000089e00000, 0x0000000089e00000| Complete 
| 123|0x0000000089f00000, 0x000000008a000000, 0x000000008a000000|100%| E|CS|TAMS 0x0000000089f00000, 0x0000000089f00000| Complete 
| 124|0x000000008a000000, 0x000000008a100000, 0x000000008a100000|100%| E|CS|TAMS 0x000000008a000000, 0x000000008a000000| Complete 
| 125|0x000000008a100000, 0x000000008a200000, 0x000000008a200000|100%| E|CS|TAMS 0x000000008a100000, 0x000000008a100000| Complete 

Card table byte_map: [0x000002502a4f0000,0x000002502a8e0000] _byte_map_base: 0x000002502a0de000

Marking Bits (Prev, Next): (CMBitMap*) 0x00000250127ff078, (CMBitMap*) 0x00000250127ff0b8
 Prev Bits: [0x000002502acd0000, 0x000002502cc40000)
 Next Bits: [0x000002502cc40000, 0x000002502ebb0000)

Polling page: 0x0000025011f90000

Metaspace:

Usage:
  Non-class:      4.10 MB capacity,     2.19 MB ( 53%) used,     1.90 MB ( 46%) free+waste,     6.19 KB ( <1%) overhead. 
      Class:    438.00 KB capacity,   251.43 KB ( 57%) used,   183.13 KB ( 42%) free+waste,     3.44 KB ( <1%) overhead. 
       Both:      4.52 MB capacity,     2.44 MB ( 54%) used,     2.08 MB ( 46%) free+waste,     9.63 KB ( <1%) overhead. 

Virtual space:
  Non-class space:        8.00 MB reserved,       4.25 MB ( 53%) committed 
      Class space:        1.00 GB reserved,     512.00 KB ( <1%) committed 
             Both:        1.01 GB reserved,       4.75 MB ( <1%) committed 

Chunk freelists:
   Non-Class:  0 bytes
       Class:  0 bytes
        Both:  0 bytes

MaxMetaspaceSize: 17179869184.00 GB
CompressedClassSpaceSize: 1.00 GB

CodeHeap 'non-profiled nmethods': size=120000Kb used=134Kb max_used=134Kb free=119866Kb
 bounds [0x0000025022790000, 0x0000025022a00000, 0x0000025029cc0000]
CodeHeap 'profiled nmethods': size=120000Kb used=654Kb max_used=654Kb free=119345Kb
 bounds [0x000002501b260000, 0x000002501b4d0000, 0x0000025022790000]
CodeHeap 'non-nmethods': size=5760Kb used=1123Kb max_used=1146Kb free=4636Kb
 bounds [0x000002501acc0000, 0x000002501af30000, 0x000002501b260000]
 total_blobs=1199 nmethods=458 adapters=270
 compilation: enabled
              stopped_count=0, restarted_count=0
 full_count=0

Compilation events (20 events):
Event: 0.287 Thread 0x0000025031696000 nmethod 370 0x000002501b2e8190 code [0x000002501b2e8360, 0x000002501b2e8680]
Event: 0.287 Thread 0x0000025031696000  372       3       java.security.Provider$ServiceKey::hashCode (22 bytes)
Event: 0.287 Thread 0x0000025031696000 nmethod 372 0x000002501b2e8790 code [0x000002501b2e8960, 0x000002501b2e8f50]
Event: 0.287 Thread 0x0000025031696000  375       3       java.util.concurrent.ConcurrentHashMap::casTabAt (21 bytes)
Event: 0.287 Thread 0x0000025031696000 nmethod 375 0x000002501b2e9090 code [0x000002501b2e9240, 0x000002501b2e93f8]
Event: 0.287 Thread 0x0000025031696000  371       1       java.security.Provider$Service::getType (5 bytes)
Event: 0.287 Thread 0x0000025031696000 nmethod 371 0x00000250227a9e10 code [0x00000250227a9fa0, 0x00000250227aa0d8]
Event: 0.287 Thread 0x0000025031696000  373       1       java.security.Provider$Service::getAlgorithm (5 bytes)
Event: 0.287 Thread 0x0000025031696000 nmethod 373 0x00000250227aa190 code [0x00000250227aa320, 0x00000250227aa458]
Event: 0.287 Thread 0x0000025031696000  374       1       java.security.Provider$Service::getAliases (5 bytes)
Event: 0.287 Thread 0x0000025031696000 nmethod 374 0x00000250227aa510 code [0x00000250227aa6a0, 0x00000250227aa7d8]
Event: 0.289 Thread 0x0000025031696000  376       3       java.lang.Class::getClassLoader (28 bytes)
Event: 0.290 Thread 0x0000025031696000 nmethod 376 0x000002501b2e9490 code [0x000002501b2e96e0, 0x000002501b2ea200]
Event: 0.290 Thread 0x0000025031696000  377       3       java.lang.invoke.MemberName::testAllFlags (7 bytes)
Event: 0.290 Thread 0x0000025031696000 nmethod 377 0x000002501b2ea510 code [0x000002501b2ea6c0, 0x000002501b2ea8f8]
Event: 0.290 Thread 0x0000025031696000  379       3       java.util.concurrent.ConcurrentHashMap::putIfAbsent (8 bytes)
Event: 0.290 Thread 0x0000025031696000 nmethod 379 0x000002501b2ea990 code [0x000002501b2eab40, 0x000002501b2eacf0]
Event: 0.291 Thread 0x0000025031696000  380       3       java.lang.Object::equals (11 bytes)
Event: 0.291 Thread 0x0000025031696000 nmethod 380 0x000002501b2ead90 code [0x000002501b2eaf40, 0x000002501b2eb118]
Event: 0.291 Thread 0x0000025031696000  381       3       java.lang.invoke.MethodTypeForm::canonicalize (64 bytes)

GC Heap History (0 events):
No events

Deoptimization events (2 events):
Event: 0.234 Thread 0x00000250127bb800 DEOPT PACKING pc=0x000002501b290df5 sp=0x0000006da10fdba0
Event: 0.234 Thread 0x00000250127bb800 DEOPT UNPACKING pc=0x000002501ad0964e sp=0x0000006da10fd000 mode 0

Classes unloaded (0 events):
No events

Classes redefined (0 events):
No events

Internal exceptions (1 events):
Event: 0.156 Thread 0x00000250127bb800 Exception <a 'java/lang/NoSuchMethodError'{0x000000008a044758}: 'int java.lang.invoke.DirectMethodHandle$Holder.invokeSpecialIFC(java.lang.Object, java.lang.Object, int)'> (0x000000008a044758) 
thrown [t:/workspace/open/src/hotspot/share/interpreter/linkResolver.cpp, line 767]

Events (20 events):
Event: 0.285 loading class java/util/jar/JarVerifier$VerifierStream
Event: 0.286 loading class java/util/jar/JarVerifier$VerifierStream done
Event: 0.286 loading class sun/security/util/ManifestEntryVerifier$SunProviderHolder
Event: 0.286 loading class sun/security/util/ManifestEntryVerifier$SunProviderHolder done
Event: 0.287 loading class java/io/BufferedReader
Event: 0.287 loading class java/io/Reader
Event: 0.287 loading class java/io/Reader done
Event: 0.287 loading class java/io/BufferedReader done
Event: 0.287 loading class java/io/InputStreamReader
Event: 0.287 loading class java/io/InputStreamReader done
Event: 0.288 loading class sun/nio/cs/StreamDecoder
Event: 0.288 loading class sun/nio/cs/StreamDecoder done
Event: 0.288 loading class sun/nio/cs/UTF_8$Decoder
Event: 0.288 loading class sun/nio/cs/UTF_8$Decoder done
Event: 0.290 loading class jdk/internal/module/ModuleInfo$Attributes
Event: 0.290 loading class jdk/internal/module/ModuleInfo$Attributes done
Event: 0.290 loading class jdk/internal/module/ModuleReferences
Event: 0.290 loading class jdk/internal/module/ModuleReferences done
Event: 0.290 loading class sun/nio/fs/WindowsUriSupport
Event: 0.290 loading class sun/nio/fs/WindowsUriSupport done


Dynamic libraries:
0x00007ff695100000 - 0x00007ff69510f000 	C:\Program Files\Java\jdk-13\bin\javaw.exe
0x00007ffb36a20000 - 0x00007ffb36c0d000 	C:\Windows\SYSTEM32\ntdll.dll
0x00007ffb33e30000 - 0x00007ffb33ee3000 	C:\Windows\System32\KERNEL32.DLL
0x00007ffb32f60000 - 0x00007ffb331f3000 	C:\Windows\System32\KERNELBASE.dll
0x00007ffb32e60000 - 0x00007ffb32f5a000 	C:\Windows\System32\ucrtbase.dll
0x00007ffb2be80000 - 0x00007ffb2be98000 	C:\Program Files\Java\jdk-13\bin\jli.dll
0x00007ffb367f0000 - 0x00007ffb36893000 	C:\Windows\System32\ADVAPI32.dll
0x00007ffb33f50000 - 0x00007ffb33fee000 	C:\Windows\System32\msvcrt.dll
0x00007ffb33ff0000 - 0x00007ffb3408e000 	C:\Windows\System32\sechost.dll
0x00007ffb34fa0000 - 0x00007ffb350c2000 	C:\Windows\System32\RPCRT4.dll
0x00007ffb34110000 - 0x00007ffb342a7000 	C:\Windows\System32\USER32.dll
0x00007ffb32ae0000 - 0x00007ffb32b00000 	C:\Windows\System32\win32u.dll
0x00007ffb34d60000 - 0x00007ffb34d89000 	C:\Windows\System32\GDI32.dll
0x00007ffb32c20000 - 0x00007ffb32db9000 	C:\Windows\System32\gdi32full.dll
0x00007ffb32dc0000 - 0x00007ffb32e60000 	C:\Windows\System32\msvcp_win.dll
0x00007ffb28c30000 - 0x00007ffb28c45000 	C:\Program Files\Java\jdk-13\bin\VCRUNTIME140.dll
0x00007ffb1b830000 - 0x00007ffb1baa9000 	C:\Windows\WinSxS\amd64_microsoft.windows.common-controls_6595b64144ccf1df_6.0.17763.802_none_05b1445c0722d2cc\COMCTL32.dll
0x00007ffb34a30000 - 0x00007ffb34d5c000 	C:\Windows\System32\combase.dll
0x00007ffb33980000 - 0x00007ffb339fe000 	C:\Windows\System32\bcryptPrimitives.dll
0x00007ffb24d10000 - 0x00007ffb24d1a000 	C:\Windows\SYSTEM32\VERSION.dll
0x00007ffb368a0000 - 0x00007ffb368ce000 	C:\Windows\System32\IMM32.DLL
0x00007ffb245e0000 - 0x00007ffb2467b000 	C:\Program Files\Java\jdk-13\bin\msvcp140.dll
0x00007ffaed550000 - 0x00007ffaee0b6000 	C:\Program Files\Java\jdk-13\bin\server\jvm.dll
0x00007ffb34870000 - 0x00007ffb34878000 	C:\Windows\System32\PSAPI.DLL
0x00007ffb11c20000 - 0x00007ffb11c29000 	C:\Windows\SYSTEM32\WSOCK32.dll
0x00007ffb368d0000 - 0x00007ffb3693d000 	C:\Windows\System32\WS2_32.dll
0x00007ffb2d520000 - 0x00007ffb2d544000 	C:\Windows\SYSTEM32\WINMM.dll
0x00007ffb2d150000 - 0x00007ffb2d17d000 	C:\Windows\SYSTEM32\WINMMBASE.dll
0x00007ffb32bd0000 - 0x00007ffb32c1a000 	C:\Windows\System32\cfgmgr32.dll
0x00007ffb32a70000 - 0x00007ffb32a81000 	C:\Windows\System32\kernel.appcore.dll
0x00007ffb24fe0000 - 0x00007ffb24ff0000 	C:\Program Files\Java\jdk-13\bin\verify.dll
0x00007ffb2e1f0000 - 0x00007ffb2e3dd000 	C:\Windows\SYSTEM32\DBGHELP.DLL
0x00007ffb1a050000 - 0x00007ffb1a07a000 	C:\Windows\SYSTEM32\dbgcore.DLL
0x00007ffb1c160000 - 0x00007ffb1c186000 	C:\Program Files\Java\jdk-13\bin\java.dll
0x00007ffb248a0000 - 0x00007ffb248b7000 	C:\Program Files\Java\jdk-13\bin\zip.dll
0x00007ffb24f10000 - 0x00007ffb24f1a000 	C:\Program Files\Java\jdk-13\bin\jimage.dll
0x00007ffb35130000 - 0x00007ffb36624000 	C:\Windows\System32\SHELL32.dll
0x00007ffb36940000 - 0x00007ffb369e8000 	C:\Windows\System32\shcore.dll
0x00007ffb33200000 - 0x00007ffb3394d000 	C:\Windows\System32\windows.storage.dll
0x00007ffb32ab0000 - 0x00007ffb32ad4000 	C:\Windows\System32\profapi.dll
0x00007ffb32a10000 - 0x00007ffb32a6d000 	C:\Windows\System32\powrprof.dll
0x00007ffb33ef0000 - 0x00007ffb33f42000 	C:\Windows\System32\shlwapi.dll
0x00007ffb32bb0000 - 0x00007ffb32bc7000 	C:\Windows\System32\cryptsp.dll
0x00007ffb24700000 - 0x00007ffb24719000 	C:\Program Files\Java\jdk-13\bin\net.dll
0x00007ffb20ee0000 - 0x00007ffb20fd2000 	C:\Windows\SYSTEM32\WINHTTP.dll
0x00007ffb210e0000 - 0x00007ffb212b7000 	C:\Windows\SYSTEM32\urlmon.dll
0x00007ffb1e890000 - 0x00007ffb1eb38000 	C:\Windows\SYSTEM32\iertutil.dll
0x00007ffb32450000 - 0x00007ffb3245c000 	C:\Windows\SYSTEM32\CRYPTBASE.DLL
0x00007ffb32220000 - 0x00007ffb32287000 	C:\Windows\system32\mswsock.dll
0x00007ffb21870000 - 0x00007ffb21883000 	C:\Program Files\Java\jdk-13\bin\nio.dll

dbghelp: loaded successfully - version: 4.0.5 - missing functions: none
symbol engine: initialized successfully - sym options: 0x614 - pdb path: .;C:\Program Files\Java\jdk-13\bin;C:\Windows\SYSTEM32;C:\Windows\WinSxS\amd64_microsoft.windows.common-controls_6595b64144ccf1df_6.0.17763.802_none_05b1445c0722d2cc;C:\Program Files\Java\jdk-13\bin\server

VM Arguments:
jvm_args: -Dfile.encoding=UTF-8 --module-path=C:\sqljdbc6-4.2.jar;C:\Users\Nguyen Duc Thien\Desktop\lib\jcalendar-1.4.jar 
java_command: GiaoDien.FormGiaoDien
java_class_path (initial): C:\Users\Nguyen Duc Thien\eclipse-workspace\QLiKhachSan\bin
Launcher Type: SUN_STANDARD

[Global flags]
     intx CICompilerCount                          = 4                                         {product} {ergonomic}
     uint ConcGCThreads                            = 2                                         {product} {ergonomic}
     uint G1ConcRefinementThreads                  = 8                                         {product} {ergonomic}
   size_t G1HeapRegionSize                         = 1048576                                   {product} {ergonomic}
    uintx GCDrainStackTargetSize                   = 64                                        {product} {ergonomic}
   size_t InitialHeapSize                          = 132120576                                 {product} {ergonomic}
   size_t MarkStackSize                            = 4194304                                   {product} {ergonomic}
   size_t MaxHeapSize                              = 2109734912                                {product} {ergonomic}
   size_t MaxNewSize                               = 1265631232                                {product} {ergonomic}
   size_t MinHeapDeltaBytes                        = 1048576                                   {product} {ergonomic}
   size_t MinHeapSize                              = 8388608                                   {product} {ergonomic}
    uintx NonNMethodCodeHeapSize                   = 5836300                                {pd product} {ergonomic}
    uintx NonProfiledCodeHeapSize                  = 122910970                              {pd product} {ergonomic}
    uintx ProfiledCodeHeapSize                     = 122910970                              {pd product} {ergonomic}
    uintx ReservedCodeCacheSize                    = 251658240                              {pd product} {ergonomic}
     bool SegmentedCodeCache                       = true                                      {product} {ergonomic}
   size_t SoftMaxHeapSize                          = 2109734912                             {manageable} {ergonomic}
     bool UseCompressedClassPointers               = true                                 {lp64_product} {ergonomic}
     bool UseCompressedOops                        = true                                 {lp64_product} {ergonomic}
     bool UseG1GC                                  = true                                      {product} {ergonomic}
     bool UseLargePagesIndividualAllocation        = false                                  {pd product} {ergonomic}

Logging:
Log output configuration:
 #0: stdout all=warning uptime,level,tags
 #1: stderr all=off uptime,level,tags

Environment Variables:
JAVA_HOME=C:\Program Files\Java\jdk-13
CLASSPATH=C:\Program Files\Java\jdk-13\lib
PATH=C:/Program Files/Java/jdk-13/bin/server;C:/Program Files/Java/jdk-13/bin;C:\Program Files\Java\jdk-13\bin;C:\Windows\System32\;C:\Windows\;C:\Windows\System32\Wbem;C:\Program Files\MongoDB\Server\4.2\bin;"C:\Program Files\Java\jdk-13\bin;,";C:\Program Files\Java\jdk-13\bin;C:\MongoDB\Server\4.0\bin;D:\eclipse;
USERNAME=Nguyen Duc Thien
OS=Windows_NT
PROCESSOR_IDENTIFIER=Intel64 Family 6 Model 142 Stepping 12, GenuineIntel



---------------  S Y S T E M  ---------------

OS: Windows 10 , 64 bit Build 17763 (10.0.17763.475)

CPU:total 8 (initial active 8) (4 cores per cpu, 2 threads per core) family 6 model 142 stepping 12, cmov, cx8, fxsr, mmx, sse, sse2, sse3, ssse3, sse4.1, sse4.2, popcnt, avx, avx2, aes, clmul, erms, 3dnowpref, lzcnt, ht, tsc, tscinvbit, bmi1, bmi2, adx, fma

Memory: 4k page, system-wide physical 8043M (399M free)
TotalPageFile size 32619M (AvailPageFile size 1M)
current process WorkingSet (physical memory assigned to process): 41M, peak: 41M
current process commit charge ("private bytes"): 215M, peak: 215M

vm_info: Java HotSpot(TM) 64-Bit Server VM (13+33) for windows-amd64 JRE (13+33), built on Sep 18 2019 21:38:00 by "mach5one" with unknown MS VC++:1916

END.
