#
# There is insufficient memory for the Java Runtime Environment to continue.
# Native memory allocation (malloc) failed to allocate 226144 bytes for Chunk::new
# Possible reasons:
#   The system is out of physical RAM or swap space
#   The process is running with CompressedOops enabled, and the Java Heap may be blocking the growth of the native heap
# Possible solutions:
#   Reduce memory load on the system
#   Increase physical memory or swap space
#   Check if swap backing store is full
#   Decrease Java heap size (-Xmx/-Xms)
#   Decrease number of Java threads
#   Decrease Java thread stack sizes (-Xss)
#   Set larger code cache with -XX:ReservedCodeCacheSize=
#   JVM is running with Unscaled Compressed Oops mode in which the Java heap is
#     placed in the first 4GB address space. The Java Heap base address is the
#     maximum limit for the native heap growth. Please use -XX:HeapBaseMinAddress
#     to set the Java Heap base and to place the Java Heap above 4GB virtual address.
# This output file may be truncated or incomplete.
#
#  Out of Memory Error (t:/workspace/open/src/hotspot/share/memory/arena.cpp:196), pid=14152, tid=824
#
# JRE version: Java(TM) SE Runtime Environment (13.0+33) (build 13+33)
# Java VM: Java HotSpot(TM) 64-Bit Server VM (13+33, mixed mode, sharing, tiered, compressed oops, g1 gc, windows-amd64)
# No core dump will be written. Minidumps are not enabled by default on client versions of Windows
#

---------------  S U M M A R Y ------------

Command Line: -Dfile.encoding=UTF-8 --module-path=C:\sqljdbc6-4.2.jar GiaoDien.FormGiaoDien

Host: Intel(R) Core(TM) i5-8265U CPU @ 1.60GHz, 8 cores, 7G,  Windows 10 , 64 bit Build 17763 (10.0.17763.475)
Time: Fri Nov  8 16:53:12 2019 SE Asia Standard Time elapsed time: 5 seconds (0d 0h 0m 5s)

---------------  T H R E A D  ---------------

Current thread (0x00000164e3aa0800):  JavaThread "C2 CompilerThread0" daemon [_thread_in_native, id=824, stack(0x00000052e7400000,0x00000052e7500000)]


Current CompileTask:
C2:   5762 1398   !   4       javax.swing.UIDefaults::getFromHashtable (239 bytes)

Stack: [0x00000052e7400000,0x00000052e7500000]
Native frames: (J=compiled Java code, j=interpreted, Vv=VM code, C=native code)
V  [jvm.dll+0x626eaa]
V  [jvm.dll+0x772c4a]
V  [jvm.dll+0x7743ff]
V  [jvm.dll+0x774a03]
V  [jvm.dll+0x24da38]
V  [jvm.dll+0xc3ae7]
V  [jvm.dll+0xc406c]
V  [jvm.dll+0x35de55]
V  [jvm.dll+0x329573]
V  [jvm.dll+0x32894a]
V  [jvm.dll+0x2078c7]
V  [jvm.dll+0x206adf]
V  [jvm.dll+0x18b94c]
V  [jvm.dll+0x2159bd]
V  [jvm.dll+0x213e6b]
V  [jvm.dll+0x738af6]
V  [jvm.dll+0x731bea]
V  [jvm.dll+0x6260a6]
C  [ucrtbase.dll+0x21ffa]
C  [KERNEL32.DLL+0x17974]
C  [ntdll.dll+0x6a271]


---------------  P R O C E S S  ---------------

Threads class SMR info:
_java_thread_list=0x00000164e3fcd6b0, length=14, elements={
0x00000164e3178800, 0x00000164e317b800, 0x00000164e319b800, 0x00000164e319d800,
0x00000164e3aa0800, 0x00000164e3aa1800, 0x00000164e3aa9000, 0x00000164e3160800,
0x00000164e3f01800, 0x00000164e3e4f000, 0x00000164e3e12800, 0x00000164e3ffe800,
0x00000164e4036800, 0x00000164c232b800
}

Java Threads: ( => current thread )
  0x00000164e3178800 JavaThread "Reference Handler" daemon [_thread_blocked, id=11384, stack(0x00000052e7000000,0x00000052e7100000)]
  0x00000164e317b800 JavaThread "Finalizer" daemon [_thread_blocked, id=12224, stack(0x00000052e7100000,0x00000052e7200000)]
  0x00000164e319b800 JavaThread "Signal Dispatcher" daemon [_thread_blocked, id=1592, stack(0x00000052e7200000,0x00000052e7300000)]
  0x00000164e319d800 JavaThread "Attach Listener" daemon [_thread_blocked, id=9096, stack(0x00000052e7300000,0x00000052e7400000)]
=>0x00000164e3aa0800 JavaThread "C2 CompilerThread0" daemon [_thread_in_native, id=824, stack(0x00000052e7400000,0x00000052e7500000)]
  0x00000164e3aa1800 JavaThread "C1 CompilerThread0" daemon [_thread_blocked, id=7644, stack(0x00000052e7500000,0x00000052e7600000)]
  0x00000164e3aa9000 JavaThread "Sweeper thread" daemon [_thread_blocked, id=2176, stack(0x00000052e7600000,0x00000052e7700000)]
  0x00000164e3160800 JavaThread "Common-Cleaner" daemon [_thread_blocked, id=3012, stack(0x00000052e7700000,0x00000052e7800000)]
  0x00000164e3f01800 JavaThread "Service Thread" daemon [_thread_blocked, id=2444, stack(0x00000052e7900000,0x00000052e7a00000)]
  0x00000164e3e4f000 JavaThread "Java2D Disposer" daemon [_thread_blocked, id=8396, stack(0x00000052e7b00000,0x00000052e7c00000)]
  0x00000164e3e12800 JavaThread "AWT-Shutdown" [_thread_blocked, id=4556, stack(0x00000052e7c00000,0x00000052e7d00000)]
  0x00000164e3ffe800 JavaThread "AWT-Windows" daemon [_thread_in_native, id=10124, stack(0x00000052e7d00000,0x00000052e7e00000)]
  0x00000164e4036800 JavaThread "AWT-EventQueue-0" [_thread_in_vm, id=10292, stack(0x00000052e7e00000,0x00000052e7f00000)]
  0x00000164c232b800 JavaThread "DestroyJavaVM" [_thread_blocked, id=4932, stack(0x00000052e6900000,0x00000052e6a00000)]

Other Threads:
  0x00000164e3177800 VMThread "VM Thread" [stack: 0x00000052e6f00000,0x00000052e7000000] [id=2860]
  0x00000164e3e7e800 WatcherThread [stack: 0x00000052e7a00000,0x00000052e7b00000] [id=10248]
  0x00000164c236e000 GCTaskThread "GC Thread#0" [stack: 0x00000052e6a00000,0x00000052e6b00000] [id=3856]
  0x00000164c2380000 ConcurrentGCThread "G1 Main Marker" [stack: 0x00000052e6b00000,0x00000052e6c00000] [id=13516]
  0x00000164c2381800 ConcurrentGCThread "G1 Conc#0" [stack: 0x00000052e6c00000,0x00000052e6d00000] [id=12148]
  0x00000164c23fe800 ConcurrentGCThread "G1 Refine#0" [stack: 0x00000052e6d00000,0x00000052e6e00000] [id=9204]
  0x00000164e2ff4800 ConcurrentGCThread "G1 Young RemSet Sampling" [stack: 0x00000052e6e00000,0x00000052e6f00000] [id=10824]

Threads with active compile tasks:
C2 CompilerThread0     5770 1398   !   4       javax.swing.UIDefaults::getFromHashtable (239 bytes)

VM state:at safepoint (normal execution)

VM Mutex/Monitor currently owned by a thread:  ([mutex/lock_event])
[0x00000164c2327ad0] Threads_lock - owner thread: 0x00000164e3177800

Heap address: 0x0000000082400000, size: 2012 MB, Compressed Oops mode: 32-bit
Narrow klass base: 0x0000000800000000, Narrow klass shift: 3
Compressed class space size: 1073741824 Address: 0x0000000800b40000

Heap:
 garbage-first heap   total 129024K, used 17408K [0x0000000082400000, 0x0000000100000000)
  region size 1024K, 18 young (18432K), 0 survivors (0K)
 Metaspace       used 14526K, capacity 14872K, committed 14976K, reserved 1062912K
  class space    used 1737K, capacity 1891K, committed 1920K, reserved 1048576K
Heap Regions: E=young(eden), S=young(survivor), O=old, HS=humongous(starts), HC=humongous(continues), CS=collection set, F=free, A=archive, TAMS=top-at-mark-start (previous, next)
|   0|0x0000000082400000, 0x0000000082400000, 0x0000000082500000|  0%| F|  |TAMS 0x0000000082400000, 0x0000000082400000| Untracked 
|   1|0x0000000082500000, 0x0000000082500000, 0x0000000082600000|  0%| F|  |TAMS 0x0000000082500000, 0x0000000082500000| Untracked 
|   2|0x0000000082600000, 0x0000000082600000, 0x0000000082700000|  0%| F|  |TAMS 0x0000000082600000, 0x0000000082600000| Untracked 
|   3|0x0000000082700000, 0x0000000082700000, 0x0000000082800000|  0%| F|  |TAMS 0x0000000082700000, 0x0000000082700000| Untracked 
|   4|0x0000000082800000, 0x0000000082800000, 0x0000000082900000|  0%| F|  |TAMS 0x0000000082800000, 0x0000000082800000| Untracked 
|   5|0x0000000082900000, 0x0000000082900000, 0x0000000082a00000|  0%| F|  |TAMS 0x0000000082900000, 0x0000000082900000| Untracked 
|   6|0x0000000082a00000, 0x0000000082a00000, 0x0000000082b00000|  0%| F|  |TAMS 0x0000000082a00000, 0x0000000082a00000| Untracked 
|   7|0x0000000082b00000, 0x0000000082b00000, 0x0000000082c00000|  0%| F|  |TAMS 0x0000000082b00000, 0x0000000082b00000| Untracked 
|   8|0x0000000082c00000, 0x0000000082c00000, 0x0000000082d00000|  0%| F|  |TAMS 0x0000000082c00000, 0x0000000082c00000| Untracked 
|   9|0x0000000082d00000, 0x0000000082d00000, 0x0000000082e00000|  0%| F|  |TAMS 0x0000000082d00000, 0x0000000082d00000| Untracked 
|  10|0x0000000082e00000, 0x0000000082e00000, 0x0000000082f00000|  0%| F|  |TAMS 0x0000000082e00000, 0x0000000082e00000| Untracked 
|  11|0x0000000082f00000, 0x0000000082f00000, 0x0000000083000000|  0%| F|  |TAMS 0x0000000082f00000, 0x0000000082f00000| Untracked 
|  12|0x0000000083000000, 0x0000000083000000, 0x0000000083100000|  0%| F|  |TAMS 0x0000000083000000, 0x0000000083000000| Untracked 
|  13|0x0000000083100000, 0x0000000083100000, 0x0000000083200000|  0%| F|  |TAMS 0x0000000083100000, 0x0000000083100000| Untracked 
|  14|0x0000000083200000, 0x0000000083200000, 0x0000000083300000|  0%| F|  |TAMS 0x0000000083200000, 0x0000000083200000| Untracked 
|  15|0x0000000083300000, 0x0000000083300000, 0x0000000083400000|  0%| F|  |TAMS 0x0000000083300000, 0x0000000083300000| Untracked 
|  16|0x0000000083400000, 0x0000000083400000, 0x0000000083500000|  0%| F|  |TAMS 0x0000000083400000, 0x0000000083400000| Untracked 
|  17|0x0000000083500000, 0x0000000083500000, 0x0000000083600000|  0%| F|  |TAMS 0x0000000083500000, 0x0000000083500000| Untracked 
|  18|0x0000000083600000, 0x0000000083600000, 0x0000000083700000|  0%| F|  |TAMS 0x0000000083600000, 0x0000000083600000| Untracked 
|  19|0x0000000083700000, 0x0000000083700000, 0x0000000083800000|  0%| F|  |TAMS 0x0000000083700000, 0x0000000083700000| Untracked 
|  20|0x0000000083800000, 0x0000000083800000, 0x0000000083900000|  0%| F|  |TAMS 0x0000000083800000, 0x0000000083800000| Untracked 
|  21|0x0000000083900000, 0x0000000083900000, 0x0000000083a00000|  0%| F|  |TAMS 0x0000000083900000, 0x0000000083900000| Untracked 
|  22|0x0000000083a00000, 0x0000000083a00000, 0x0000000083b00000|  0%| F|  |TAMS 0x0000000083a00000, 0x0000000083a00000| Untracked 
|  23|0x0000000083b00000, 0x0000000083b00000, 0x0000000083c00000|  0%| F|  |TAMS 0x0000000083b00000, 0x0000000083b00000| Untracked 
|  24|0x0000000083c00000, 0x0000000083c00000, 0x0000000083d00000|  0%| F|  |TAMS 0x0000000083c00000, 0x0000000083c00000| Untracked 
|  25|0x0000000083d00000, 0x0000000083d00000, 0x0000000083e00000|  0%| F|  |TAMS 0x0000000083d00000, 0x0000000083d00000| Untracked 
|  26|0x0000000083e00000, 0x0000000083e00000, 0x0000000083f00000|  0%| F|  |TAMS 0x0000000083e00000, 0x0000000083e00000| Untracked 
|  27|0x0000000083f00000, 0x0000000083f00000, 0x0000000084000000|  0%| F|  |TAMS 0x0000000083f00000, 0x0000000083f00000| Untracked 
|  28|0x0000000084000000, 0x0000000084000000, 0x0000000084100000|  0%| F|  |TAMS 0x0000000084000000, 0x0000000084000000| Untracked 
|  29|0x0000000084100000, 0x0000000084100000, 0x0000000084200000|  0%| F|  |TAMS 0x0000000084100000, 0x0000000084100000| Untracked 
|  30|0x0000000084200000, 0x0000000084200000, 0x0000000084300000|  0%| F|  |TAMS 0x0000000084200000, 0x0000000084200000| Untracked 
|  31|0x0000000084300000, 0x0000000084300000, 0x0000000084400000|  0%| F|  |TAMS 0x0000000084300000, 0x0000000084300000| Untracked 
|  32|0x0000000084400000, 0x0000000084400000, 0x0000000084500000|  0%| F|  |TAMS 0x0000000084400000, 0x0000000084400000| Untracked 
|  33|0x0000000084500000, 0x0000000084500000, 0x0000000084600000|  0%| F|  |TAMS 0x0000000084500000, 0x0000000084500000| Untracked 
|  34|0x0000000084600000, 0x0000000084600000, 0x0000000084700000|  0%| F|  |TAMS 0x0000000084600000, 0x0000000084600000| Untracked 
|  35|0x0000000084700000, 0x0000000084700000, 0x0000000084800000|  0%| F|  |TAMS 0x0000000084700000, 0x0000000084700000| Untracked 
|  36|0x0000000084800000, 0x0000000084800000, 0x0000000084900000|  0%| F|  |TAMS 0x0000000084800000, 0x0000000084800000| Untracked 
|  37|0x0000000084900000, 0x0000000084900000, 0x0000000084a00000|  0%| F|  |TAMS 0x0000000084900000, 0x0000000084900000| Untracked 
|  38|0x0000000084a00000, 0x0000000084a00000, 0x0000000084b00000|  0%| F|  |TAMS 0x0000000084a00000, 0x0000000084a00000| Untracked 
|  39|0x0000000084b00000, 0x0000000084b00000, 0x0000000084c00000|  0%| F|  |TAMS 0x0000000084b00000, 0x0000000084b00000| Untracked 
|  40|0x0000000084c00000, 0x0000000084c00000, 0x0000000084d00000|  0%| F|  |TAMS 0x0000000084c00000, 0x0000000084c00000| Untracked 
|  41|0x0000000084d00000, 0x0000000084d00000, 0x0000000084e00000|  0%| F|  |TAMS 0x0000000084d00000, 0x0000000084d00000| Untracked 
|  42|0x0000000084e00000, 0x0000000084e00000, 0x0000000084f00000|  0%| F|  |TAMS 0x0000000084e00000, 0x0000000084e00000| Untracked 
|  43|0x0000000084f00000, 0x0000000084f00000, 0x0000000085000000|  0%| F|  |TAMS 0x0000000084f00000, 0x0000000084f00000| Untracked 
|  44|0x0000000085000000, 0x0000000085000000, 0x0000000085100000|  0%| F|  |TAMS 0x0000000085000000, 0x0000000085000000| Untracked 
|  45|0x0000000085100000, 0x0000000085100000, 0x0000000085200000|  0%| F|  |TAMS 0x0000000085100000, 0x0000000085100000| Untracked 
|  46|0x0000000085200000, 0x0000000085200000, 0x0000000085300000|  0%| F|  |TAMS 0x0000000085200000, 0x0000000085200000| Untracked 
|  47|0x0000000085300000, 0x0000000085300000, 0x0000000085400000|  0%| F|  |TAMS 0x0000000085300000, 0x0000000085300000| Untracked 
|  48|0x0000000085400000, 0x0000000085400000, 0x0000000085500000|  0%| F|  |TAMS 0x0000000085400000, 0x0000000085400000| Untracked 
|  49|0x0000000085500000, 0x0000000085500000, 0x0000000085600000|  0%| F|  |TAMS 0x0000000085500000, 0x0000000085500000| Untracked 
|  50|0x0000000085600000, 0x0000000085600000, 0x0000000085700000|  0%| F|  |TAMS 0x0000000085600000, 0x0000000085600000| Untracked 
|  51|0x0000000085700000, 0x0000000085700000, 0x0000000085800000|  0%| F|  |TAMS 0x0000000085700000, 0x0000000085700000| Untracked 
|  52|0x0000000085800000, 0x0000000085800000, 0x0000000085900000|  0%| F|  |TAMS 0x0000000085800000, 0x0000000085800000| Untracked 
|  53|0x0000000085900000, 0x0000000085900000, 0x0000000085a00000|  0%| F|  |TAMS 0x0000000085900000, 0x0000000085900000| Untracked 
|  54|0x0000000085a00000, 0x0000000085a00000, 0x0000000085b00000|  0%| F|  |TAMS 0x0000000085a00000, 0x0000000085a00000| Untracked 
|  55|0x0000000085b00000, 0x0000000085b00000, 0x0000000085c00000|  0%| F|  |TAMS 0x0000000085b00000, 0x0000000085b00000| Untracked 
|  56|0x0000000085c00000, 0x0000000085c00000, 0x0000000085d00000|  0%| F|  |TAMS 0x0000000085c00000, 0x0000000085c00000| Untracked 
|  57|0x0000000085d00000, 0x0000000085d00000, 0x0000000085e00000|  0%| F|  |TAMS 0x0000000085d00000, 0x0000000085d00000| Untracked 
|  58|0x0000000085e00000, 0x0000000085e00000, 0x0000000085f00000|  0%| F|  |TAMS 0x0000000085e00000, 0x0000000085e00000| Untracked 
|  59|0x0000000085f00000, 0x0000000085f00000, 0x0000000086000000|  0%| F|  |TAMS 0x0000000085f00000, 0x0000000085f00000| Untracked 
|  60|0x0000000086000000, 0x0000000086000000, 0x0000000086100000|  0%| F|  |TAMS 0x0000000086000000, 0x0000000086000000| Untracked 
|  61|0x0000000086100000, 0x0000000086100000, 0x0000000086200000|  0%| F|  |TAMS 0x0000000086100000, 0x0000000086100000| Untracked 
|  62|0x0000000086200000, 0x0000000086200000, 0x0000000086300000|  0%| F|  |TAMS 0x0000000086200000, 0x0000000086200000| Untracked 
|  63|0x0000000086300000, 0x0000000086300000, 0x0000000086400000|  0%| F|  |TAMS 0x0000000086300000, 0x0000000086300000| Untracked 
|  64|0x0000000086400000, 0x0000000086400000, 0x0000000086500000|  0%| F|  |TAMS 0x0000000086400000, 0x0000000086400000| Untracked 
|  65|0x0000000086500000, 0x0000000086500000, 0x0000000086600000|  0%| F|  |TAMS 0x0000000086500000, 0x0000000086500000| Untracked 
|  66|0x0000000086600000, 0x0000000086600000, 0x0000000086700000|  0%| F|  |TAMS 0x0000000086600000, 0x0000000086600000| Untracked 
|  67|0x0000000086700000, 0x0000000086700000, 0x0000000086800000|  0%| F|  |TAMS 0x0000000086700000, 0x0000000086700000| Untracked 
|  68|0x0000000086800000, 0x0000000086800000, 0x0000000086900000|  0%| F|  |TAMS 0x0000000086800000, 0x0000000086800000| Untracked 
|  69|0x0000000086900000, 0x0000000086900000, 0x0000000086a00000|  0%| F|  |TAMS 0x0000000086900000, 0x0000000086900000| Untracked 
|  70|0x0000000086a00000, 0x0000000086a00000, 0x0000000086b00000|  0%| F|  |TAMS 0x0000000086a00000, 0x0000000086a00000| Untracked 
|  71|0x0000000086b00000, 0x0000000086b00000, 0x0000000086c00000|  0%| F|  |TAMS 0x0000000086b00000, 0x0000000086b00000| Untracked 
|  72|0x0000000086c00000, 0x0000000086c00000, 0x0000000086d00000|  0%| F|  |TAMS 0x0000000086c00000, 0x0000000086c00000| Untracked 
|  73|0x0000000086d00000, 0x0000000086d00000, 0x0000000086e00000|  0%| F|  |TAMS 0x0000000086d00000, 0x0000000086d00000| Untracked 
|  74|0x0000000086e00000, 0x0000000086e00000, 0x0000000086f00000|  0%| F|  |TAMS 0x0000000086e00000, 0x0000000086e00000| Untracked 
|  75|0x0000000086f00000, 0x0000000086f00000, 0x0000000087000000|  0%| F|  |TAMS 0x0000000086f00000, 0x0000000086f00000| Untracked 
|  76|0x0000000087000000, 0x0000000087000000, 0x0000000087100000|  0%| F|  |TAMS 0x0000000087000000, 0x0000000087000000| Untracked 
|  77|0x0000000087100000, 0x0000000087100000, 0x0000000087200000|  0%| F|  |TAMS 0x0000000087100000, 0x0000000087100000| Untracked 
|  78|0x0000000087200000, 0x0000000087200000, 0x0000000087300000|  0%| F|  |TAMS 0x0000000087200000, 0x0000000087200000| Untracked 
|  79|0x0000000087300000, 0x0000000087300000, 0x0000000087400000|  0%| F|  |TAMS 0x0000000087300000, 0x0000000087300000| Untracked 
|  80|0x0000000087400000, 0x0000000087400000, 0x0000000087500000|  0%| F|  |TAMS 0x0000000087400000, 0x0000000087400000| Untracked 
|  81|0x0000000087500000, 0x0000000087500000, 0x0000000087600000|  0%| F|  |TAMS 0x0000000087500000, 0x0000000087500000| Untracked 
|  82|0x0000000087600000, 0x0000000087600000, 0x0000000087700000|  0%| F|  |TAMS 0x0000000087600000, 0x0000000087600000| Untracked 
|  83|0x0000000087700000, 0x0000000087700000, 0x0000000087800000|  0%| F|  |TAMS 0x0000000087700000, 0x0000000087700000| Untracked 
|  84|0x0000000087800000, 0x0000000087800000, 0x0000000087900000|  0%| F|  |TAMS 0x0000000087800000, 0x0000000087800000| Untracked 
|  85|0x0000000087900000, 0x0000000087900000, 0x0000000087a00000|  0%| F|  |TAMS 0x0000000087900000, 0x0000000087900000| Untracked 
|  86|0x0000000087a00000, 0x0000000087a00000, 0x0000000087b00000|  0%| F|  |TAMS 0x0000000087a00000, 0x0000000087a00000| Untracked 
|  87|0x0000000087b00000, 0x0000000087b00000, 0x0000000087c00000|  0%| F|  |TAMS 0x0000000087b00000, 0x0000000087b00000| Untracked 
|  88|0x0000000087c00000, 0x0000000087c00000, 0x0000000087d00000|  0%| F|  |TAMS 0x0000000087c00000, 0x0000000087c00000| Untracked 
|  89|0x0000000087d00000, 0x0000000087d00000, 0x0000000087e00000|  0%| F|  |TAMS 0x0000000087d00000, 0x0000000087d00000| Untracked 
|  90|0x0000000087e00000, 0x0000000087e00000, 0x0000000087f00000|  0%| F|  |TAMS 0x0000000087e00000, 0x0000000087e00000| Untracked 
|  91|0x0000000087f00000, 0x0000000087f00000, 0x0000000088000000|  0%| F|  |TAMS 0x0000000087f00000, 0x0000000087f00000| Untracked 
|  92|0x0000000088000000, 0x0000000088000000, 0x0000000088100000|  0%| F|  |TAMS 0x0000000088000000, 0x0000000088000000| Untracked 
|  93|0x0000000088100000, 0x0000000088100000, 0x0000000088200000|  0%| F|  |TAMS 0x0000000088100000, 0x0000000088100000| Untracked 
|  94|0x0000000088200000, 0x0000000088200000, 0x0000000088300000|  0%| F|  |TAMS 0x0000000088200000, 0x0000000088200000| Untracked 
|  95|0x0000000088300000, 0x0000000088300000, 0x0000000088400000|  0%| F|  |TAMS 0x0000000088300000, 0x0000000088300000| Untracked 
|  96|0x0000000088400000, 0x0000000088400000, 0x0000000088500000|  0%| F|  |TAMS 0x0000000088400000, 0x0000000088400000| Untracked 
|  97|0x0000000088500000, 0x0000000088500000, 0x0000000088600000|  0%| F|  |TAMS 0x0000000088500000, 0x0000000088500000| Untracked 
|  98|0x0000000088600000, 0x0000000088600000, 0x0000000088700000|  0%| F|  |TAMS 0x0000000088600000, 0x0000000088600000| Untracked 
|  99|0x0000000088700000, 0x0000000088700000, 0x0000000088800000|  0%| F|  |TAMS 0x0000000088700000, 0x0000000088700000| Untracked 
| 100|0x0000000088800000, 0x0000000088800000, 0x0000000088900000|  0%| F|  |TAMS 0x0000000088800000, 0x0000000088800000| Untracked 
| 101|0x0000000088900000, 0x0000000088900000, 0x0000000088a00000|  0%| F|  |TAMS 0x0000000088900000, 0x0000000088900000| Untracked 
| 102|0x0000000088a00000, 0x0000000088a00000, 0x0000000088b00000|  0%| F|  |TAMS 0x0000000088a00000, 0x0000000088a00000| Untracked 
| 103|0x0000000088b00000, 0x0000000088b00000, 0x0000000088c00000|  0%| F|  |TAMS 0x0000000088b00000, 0x0000000088b00000| Untracked 
| 104|0x0000000088c00000, 0x0000000088c00000, 0x0000000088d00000|  0%| F|  |TAMS 0x0000000088c00000, 0x0000000088c00000| Untracked 
| 105|0x0000000088d00000, 0x0000000088d00000, 0x0000000088e00000|  0%| F|  |TAMS 0x0000000088d00000, 0x0000000088d00000| Untracked 
| 106|0x0000000088e00000, 0x0000000088e00000, 0x0000000088f00000|  0%| F|  |TAMS 0x0000000088e00000, 0x0000000088e00000| Untracked 
| 107|0x0000000088f00000, 0x0000000088f00000, 0x0000000089000000|  0%| F|  |TAMS 0x0000000088f00000, 0x0000000088f00000| Untracked 
| 108|0x0000000089000000, 0x00000000890f6460, 0x0000000089100000| 96%| E|  |TAMS 0x0000000089000000, 0x0000000089000000| Complete 
| 109|0x0000000089100000, 0x0000000089200000, 0x0000000089200000|100%| E|CS|TAMS 0x0000000089100000, 0x0000000089100000| Complete 
| 110|0x0000000089200000, 0x0000000089300000, 0x0000000089300000|100%| E|CS|TAMS 0x0000000089200000, 0x0000000089200000| Complete 
| 111|0x0000000089300000, 0x0000000089400000, 0x0000000089400000|100%| E|CS|TAMS 0x0000000089300000, 0x0000000089300000| Complete 
| 112|0x0000000089400000, 0x0000000089500000, 0x0000000089500000|100%| E|CS|TAMS 0x0000000089400000, 0x0000000089400000| Complete 
| 113|0x0000000089500000, 0x0000000089600000, 0x0000000089600000|100%| E|CS|TAMS 0x0000000089500000, 0x0000000089500000| Complete 
| 114|0x0000000089600000, 0x0000000089700000, 0x0000000089700000|100%| E|CS|TAMS 0x0000000089600000, 0x0000000089600000| Complete 
| 115|0x0000000089700000, 0x0000000089800000, 0x0000000089800000|100%| E|CS|TAMS 0x0000000089700000, 0x0000000089700000| Complete 
| 116|0x0000000089800000, 0x0000000089900000, 0x0000000089900000|100%| E|CS|TAMS 0x0000000089800000, 0x0000000089800000| Complete 
| 117|0x0000000089900000, 0x0000000089a00000, 0x0000000089a00000|100%| E|CS|TAMS 0x0000000089900000, 0x0000000089900000| Complete 
| 118|0x0000000089a00000, 0x0000000089b00000, 0x0000000089b00000|100%| E|CS|TAMS 0x0000000089a00000, 0x0000000089a00000| Complete 
| 119|0x0000000089b00000, 0x0000000089c00000, 0x0000000089c00000|100%| E|CS|TAMS 0x0000000089b00000, 0x0000000089b00000| Complete 
| 120|0x0000000089c00000, 0x0000000089d00000, 0x0000000089d00000|100%| E|CS|TAMS 0x0000000089c00000, 0x0000000089c00000| Complete 
| 121|0x0000000089d00000, 0x0000000089e00000, 0x0000000089e00000|100%| E|CS|TAMS 0x0000000089d00000, 0x0000000089d00000| Complete 
| 122|0x0000000089e00000, 0x0000000089f00000, 0x0000000089f00000|100%| E|CS|TAMS 0x0000000089e00000, 0x0000000089e00000| Complete 
| 123|0x0000000089f00000, 0x000000008a000000, 0x000000008a000000|100%| E|CS|TAMS 0x0000000089f00000, 0x0000000089f00000| Complete 
| 124|0x000000008a000000, 0x000000008a100000, 0x000000008a100000|100%| E|CS|TAMS 0x000000008a000000, 0x000000008a000000| Complete 
| 125|0x000000008a100000, 0x000000008a200000, 0x000000008a200000|100%| E|CS|TAMS 0x000000008a100000, 0x000000008a100000| Complete 

Card table byte_map: [0x00000164dbfb0000,0x00000164dc3a0000] _byte_map_base: 0x00000164dbb9e000

Marking Bits (Prev, Next): (CMBitMap*) 0x00000164c236edc8, (CMBitMap*) 0x00000164c236ee08
 Prev Bits: [0x00000164dc790000, 0x00000164de700000)
 Next Bits: [0x00000164de700000, 0x00000164e0670000)

Polling page: 0x00000164c21a0000

Metaspace:

Usage:
  Non-class:     12.74 MB capacity,    12.53 MB ( 98%) used,   183.20 KB (  1%) free+waste,    34.56 KB ( <1%) overhead. 
      Class:      1.85 MB capacity,     1.70 MB ( 92%) used,   130.11 KB (  7%) free+waste,    20.06 KB (  1%) overhead. 
       Both:     14.59 MB capacity,    14.23 MB ( 98%) used,   313.31 KB (  2%) free+waste,    54.63 KB ( <1%) overhead. 

Virtual space:
  Non-class space:       14.00 MB reserved,      12.75 MB ( 91%) committed 
      Class space:        1.00 GB reserved,       1.88 MB ( <1%) committed 
             Both:        1.01 GB reserved,      14.63 MB (  1%) committed 

Chunk freelists:
   Non-Class:  11.00 KB
       Class:  29.00 KB
        Both:  40.00 KB

MaxMetaspaceSize: 17179869184.00 GB
CompressedClassSpaceSize: 1.00 GB

CodeHeap 'non-profiled nmethods': size=120000Kb used=497Kb max_used=497Kb free=119502Kb
 bounds [0x00000164d3af0000, 0x00000164d3d60000, 0x00000164db020000]
CodeHeap 'profiled nmethods': size=120000Kb used=2669Kb max_used=2669Kb free=117330Kb
 bounds [0x00000164cc5c0000, 0x00000164cc860000, 0x00000164d3af0000]
CodeHeap 'non-nmethods': size=5760Kb used=1281Kb max_used=1289Kb free=4478Kb
 bounds [0x00000164cc020000, 0x00000164cc290000, 0x00000164cc5c0000]
 total_blobs=2588 nmethods=1435 adapters=463
 compilation: enabled
              stopped_count=0, restarted_count=0
 full_count=0

Compilation events (20 events):
Event: 5.759 Thread 0x00000164e3aa1800 nmethod 1401 0x00000164d3b6ac90 code [0x00000164d3b6ae20, 0x00000164d3b6af58]
Event: 5.759 Thread 0x00000164e3aa1800 1403       1       javax.swing.JComponent::getBorder (5 bytes)
Event: 5.759 Thread 0x00000164e3aa1800 nmethod 1403 0x00000164d3b6b010 code [0x00000164d3b6b1a0, 0x00000164d3b6b2d8]
Event: 5.759 Thread 0x00000164e3aa1800 1404       3       java.util.WeakHashMap::indexFor (6 bytes)
Event: 5.759 Thread 0x00000164e3aa1800 nmethod 1404 0x00000164cc848410 code [0x00000164cc8485a0, 0x00000164cc8486d8]
Event: 5.759 Thread 0x00000164e3aa1800 1406       1       javax.swing.text.JTextComponent::getDocument (5 bytes)
Event: 5.759 Thread 0x00000164e3aa1800 nmethod 1406 0x00000164d3b6b390 code [0x00000164d3b6b520, 0x00000164d3b6b658]
Event: 5.759 Thread 0x00000164e3aa1800 1407       3       java.awt.Component::isEnabled (5 bytes)
Event: 5.760 Thread 0x00000164e3aa1800 nmethod 1407 0x00000164cc848790 code [0x00000164cc848940, 0x00000164cc848ad8]
Event: 5.760 Thread 0x00000164e3aa1800 1408       3       java.awt.Container::numListening (219 bytes)
Event: 5.760 Thread 0x00000164e3aa1800 nmethod 1408 0x00000164cc848b90 code [0x00000164cc848ee0, 0x00000164cc84a5d0]
Event: 5.760 Thread 0x00000164e3aa1800 1409       3       java.awt.Component::numListening (97 bytes)
Event: 5.761 Thread 0x00000164e3aa1800 nmethod 1409 0x00000164cc84ac10 code [0x00000164cc84ae00, 0x00000164cc84b520]
Event: 5.761 Thread 0x00000164e3aa1800 1410       3       java.awt.Container::adjustListeningChildren (109 bytes)
Event: 5.761 Thread 0x00000164e3aa1800 nmethod 1410 0x00000164cc84b690 code [0x00000164cc84b8a0, 0x00000164cc84c070]
Event: 5.761 Thread 0x00000164e3aa1800 1411       3       sun.swing.SwingUtilities2::isScaleChanged (74 bytes)
Event: 5.761 Thread 0x00000164e3aa1800 nmethod 1411 0x00000164cc84c210 code [0x00000164cc84c420, 0x00000164cc84cd00]
Event: 5.761 Thread 0x00000164e3aa1800 1413       3       javax.swing.text.GapContent::compare (28 bytes)
Event: 5.761 Thread 0x00000164e3aa1800 nmethod 1413 0x00000164cc84cf10 code [0x00000164cc84d0c0, 0x00000164cc84d2f8]
Event: 5.761 Thread 0x00000164e3aa1800 1412       3       javax.swing.plaf.basic.BasicHTML::updateRenderer (89 bytes)

GC Heap History (0 events):
No events

Deoptimization events (20 events):
Event: 0.460 Thread 0x00000164e4036800 Uncommon trap: trap_request=0xffffffde fr.pc=0x00000164d3b2fd84 relative=0x0000000000000a04
Event: 0.460 Thread 0x00000164e4036800 Uncommon trap: reason=class_check action=maybe_recompile pc=0x00000164d3b2fd84 method=java.util.HashMap.putVal(ILjava/lang/Object;Ljava/lang/Object;ZZ)Ljava/lang/Object; @ 253 c2
Event: 0.460 Thread 0x00000164e4036800 DEOPT PACKING pc=0x00000164d3b2fd84 sp=0x00000052e7efd380
Event: 0.460 Thread 0x00000164e4036800 DEOPT UNPACKING pc=0x00000164cc06912f sp=0x00000052e7efd320 mode 2
Event: 0.564 Thread 0x00000164e4036800 Uncommon trap: trap_request=0xffffff45 fr.pc=0x00000164d3b3fe94 relative=0x0000000000000154
Event: 0.564 Thread 0x00000164e4036800 Uncommon trap: reason=unstable_if action=reinterpret pc=0x00000164d3b3fe94 method=java.lang.ThreadLocal$ThreadLocalMap.getEntry(Ljava/lang/ThreadLocal;)Ljava/lang/ThreadLocal$ThreadLocalMap$Entry; @ 29 c2
Event: 0.564 Thread 0x00000164e4036800 DEOPT PACKING pc=0x00000164d3b3fe94 sp=0x00000052e7efe160
Event: 0.564 Thread 0x00000164e4036800 DEOPT UNPACKING pc=0x00000164cc06912f sp=0x00000052e7efe0a0 mode 2
Event: 0.634 Thread 0x00000164e4036800 Uncommon trap: trap_request=0xffffff45 fr.pc=0x00000164d3b46f18 relative=0x0000000000000278
Event: 0.634 Thread 0x00000164e4036800 Uncommon trap: reason=unstable_if action=reinterpret pc=0x00000164d3b46f18 method=java.util.HashMap.putVal(ILjava/lang/Object;Ljava/lang/Object;ZZ)Ljava/lang/Object; @ 162 c2
Event: 0.634 Thread 0x00000164e4036800 DEOPT PACKING pc=0x00000164d3b46f18 sp=0x00000052e7efc280
Event: 0.634 Thread 0x00000164e4036800 DEOPT UNPACKING pc=0x00000164cc06912f sp=0x00000052e7efc220 mode 2
Event: 0.635 Thread 0x00000164e4036800 Uncommon trap: trap_request=0xffffff45 fr.pc=0x00000164d3b56c14 relative=0x0000000000000254
Event: 0.635 Thread 0x00000164e4036800 Uncommon trap: reason=unstable_if action=reinterpret pc=0x00000164d3b56c14 method=java.util.regex.Pattern$SliceI.match(Ljava/util/regex/Matcher;ILjava/lang/CharSequence;)Z @ 29 c2
Event: 0.635 Thread 0x00000164e4036800 DEOPT PACKING pc=0x00000164d3b56c14 sp=0x00000052e7efd890
Event: 0.635 Thread 0x00000164e4036800 DEOPT UNPACKING pc=0x00000164cc06912f sp=0x00000052e7efd828 mode 2
Event: 0.666 Thread 0x00000164e4036800 Uncommon trap: trap_request=0xffffff45 fr.pc=0x00000164d3b3b3a4 relative=0x0000000000000104
Event: 0.666 Thread 0x00000164e4036800 Uncommon trap: reason=unstable_if action=reinterpret pc=0x00000164d3b3b3a4 method=java.math.BigInteger.addOne([IIII)I @ 55 c2
Event: 0.666 Thread 0x00000164e4036800 DEOPT PACKING pc=0x00000164d3b3b3a4 sp=0x00000052e7efd2c0
Event: 0.666 Thread 0x00000164e4036800 DEOPT UNPACKING pc=0x00000164cc06912f sp=0x00000052e7efd260 mode 2

Classes unloaded (0 events):
No events

Classes redefined (0 events):
No events

Internal exceptions (20 events):
Event: 0.175 Thread 0x00000164c232b800 Exception <a 'java/lang/NoSuchMethodError'{0x0000000089e90bd8}: 'void java.lang.invoke.DirectMethodHandle$Holder.invokeStatic(java.lang.Object, java.lang.Object, java.lang.Object, java.lang.Object)'> (0x0000000089e90bd8) 
thrown [t:/workspace/open/src/hotspot/share/interpreter/linkResolver.cpp, line 767]
Event: 0.234 Thread 0x00000164c232b800 Exception <a 'java/lang/ClassNotFoundException'{0x0000000089d89570}: sun/awt/resources/spi/awtProvider> (0x0000000089d89570) 
thrown [t:/workspace/open/src/hotspot/share/classfile/systemDictionary.cpp, line 232]
Event: 0.250 Thread 0x00000164c232b800 Exception <a 'java/io/FileNotFoundException'{0x0000000089dcbff0}> (0x0000000089dcbff0) 
thrown [t:/workspace/open/src/hotspot/share/prims/jni.cpp, line 598]
Event: 0.255 Thread 0x00000164c232b800 Exception <a 'java/io/FileNotFoundException'{0x0000000089df26f8}> (0x0000000089df26f8) 
thrown [t:/workspace/open/src/hotspot/share/prims/jni.cpp, line 598]
Event: 0.282 Thread 0x00000164e3ffe800 Exception <a 'java/lang/NoSuchMethodError'{0x0000000089c80388}: 'void java.lang.invoke.DirectMethodHandle$Holder.invokeSpecial(java.lang.Object, java.lang.Object)'> (0x0000000089c80388) 
thrown [t:/workspace/open/src/hotspot/share/interpreter/linkResolver.cpp, line 767]
Event: 0.307 Thread 0x00000164e4036800 Exception <a 'java/lang/NoSuchMethodError'{0x0000000089b6c9b8}: 'java.lang.Object java.lang.invoke.DirectMethodHandle$Holder.invokeStatic(java.lang.Object, int, java.lang.Object, java.lang.Object, java.lang.Object, java.lang.Object)'> (0x0000000089b6c9b8) 
thrown [t:/workspace/open/src/hotspot/share/interpreter/linkResolver.cpp, line 767]
Event: 0.307 Thread 0x00000164e4036800 Exception <a 'java/lang/NoSuchMethodError'{0x0000000089b73318}: 'java.lang.Object java.lang.invoke.DirectMethodHandle$Holder.invokeStatic(java.lang.Object, int, java.lang.Object, java.lang.Object, java.lang.Object)'> (0x0000000089b73318) 
thrown [t:/workspace/open/src/hotspot/share/interpreter/linkResolver.cpp, line 767]
Event: 0.308 Thread 0x00000164e4036800 Exception <a 'java/lang/NoSuchMethodError'{0x0000000089b76b80}: 'java.lang.Object java.lang.invoke.DirectMethodHandle$Holder.invokeSpecial(java.lang.Object, java.lang.Object, int, java.lang.Object, java.lang.Object, java.lang.Object)'> (0x0000000089b76b80) 
thrown [t:/workspace/open/src/hotspot/share/interpreter/linkResolver.cpp, line 767]
Event: 0.309 Thread 0x00000164e4036800 Exception <a 'java/lang/NoSuchMethodError'{0x0000000089b8d0e8}: 'java.lang.Object java.lang.invoke.DirectMethodHandle$Holder.invokeStatic(java.lang.Object, int, java.lang.Object)'> (0x0000000089b8d0e8) 
thrown [t:/workspace/open/src/hotspot/share/interpreter/linkResolver.cpp, line 767]
Event: 0.322 Thread 0x00000164e4036800 Exception <a 'java/lang/ClassNotFoundException'{0x0000000089a33920}: com/sun/swing/internal/plaf/metal/resources/spi/metalProvider> (0x0000000089a33920) 
thrown [t:/workspace/open/src/hotspot/share/classfile/systemDictionary.cpp, line 232]
Event: 0.323 Thread 0x00000164e4036800 Exception <a 'java/lang/ClassNotFoundException'{0x0000000089a37988}: com/sun/swing/internal/plaf/basic/resources/spi/basicProvider> (0x0000000089a37988) 
thrown [t:/workspace/open/src/hotspot/share/classfile/systemDictionary.cpp, line 232]
Event: 0.327 Thread 0x00000164e4036800 Implicit null exception at 0x00000164d3b28c68 to 0x00000164d3b28cfa
Event: 0.369 Thread 0x00000164e4036800 Exception <a 'java/lang/NoSuchMethodError'{0x0000000089ab2dd0}: 'void java.lang.invoke.DirectMethodHandle$Holder.invokeStaticInit(java.lang.Object)'> (0x0000000089ab2dd0) 
thrown [t:/workspace/open/src/hotspot/share/interpreter/linkResolver.cpp, line 767]
Event: 0.462 Thread 0x00000164e4036800 Exception <a 'java/lang/NoSuchMethodError'{0x00000000896ffcf8}: 'java.lang.Object java.lang.invoke.DirectMethodHandle$Holder.invokeStaticInit(java.lang.Object, int, int, int, int)'> (0x00000000896ffcf8) 
thrown [t:/workspace/open/src/hotspot/share/interpreter/linkResolver.cpp, line 767]
Event: 0.563 Thread 0x00000164e4036800 Exception <a 'java/lang/NoSuchMethodError'{0x000000008952c2c8}: 'java.lang.Object java.lang.invoke.DirectMethodHandle$Holder.invokeStaticInit(java.lang.Object, java.lang.Object, int, int, int, int)'> (0x000000008952c2c8) 
thrown [t:/workspace/open/src/hotspot/share/interpreter/linkResolver.cpp, line 767]
Event: 0.582 Thread 0x00000164e4036800 Exception <a 'sun/nio/fs/WindowsException'{0x00000000895f1a88}> (0x00000000895f1a88) 
thrown [t:/workspace/open/src/hotspot/share/prims/jni.cpp, line 598]
Event: 0.588 Thread 0x00000164e4036800 Exception <a 'java/lang/NoSuchMethodError'{0x0000000089414f00}: 'int java.lang.invoke.DirectMethodHandle$Holder.invokeStaticInit(java.lang.Object, java.lang.Object, java.lang.Object, java.lang.Object)'> (0x0000000089414f00) 
thrown [t:/workspace/open/src/hotspot/share/interpreter/linkResolver.cpp, line 767]
Event: 0.589 Thread 0x00000164e4036800 Exception <a 'java/lang/NoSuchMethodError'{0x000000008941f8c0}: 'void java.lang.invoke.DirectMethodHandle$Holder.invokeStaticInit(java.lang.Object, java.lang.Object)'> (0x000000008941f8c0) 
thrown [t:/workspace/open/src/hotspot/share/interpreter/linkResolver.cpp, line 767]
Event: 0.589 Thread 0x00000164e4036800 Exception <a 'java/lang/NoSuchMethodError'{0x0000000089424610}: 'int java.lang.invoke.DirectMethodHandle$Holder.invokeStaticInit(java.lang.Object, java.lang.Object)'> (0x0000000089424610) 
thrown [t:/workspace/open/src/hotspot/share/interpreter/linkResolver.cpp, line 767]
Event: 5.735 Thread 0x00000164e4036800 Exception <a 'java/lang/NullPointerException'{0x00000000891ed030}> (0x00000000891ed030) 
thrown [t:/workspace/open/src/hotspot/share/interpreter/linkResolver.cpp, line 1431]

Events (20 events):
Event: 5.751 loading class javax/swing/plaf/metal/MetalComboBoxButton
Event: 5.751 loading class javax/swing/plaf/metal/MetalComboBoxButton done
Event: 5.751 loading class javax/swing/plaf/metal/MetalComboBoxIcon
Event: 5.751 loading class javax/swing/plaf/metal/MetalComboBoxIcon done
Event: 5.752 loading class javax/swing/plaf/metal/MetalComboBoxButton$1
Event: 5.752 loading class javax/swing/plaf/metal/MetalComboBoxButton$1 done
Event: 5.752 loading class javax/swing/plaf/basic/BasicComboBoxUI$DefaultKeySelectionManager
Event: 5.752 loading class javax/swing/JComboBox$KeySelectionManager
Event: 5.752 loading class javax/swing/JComboBox$KeySelectionManager done
Event: 5.752 loading class javax/swing/plaf/basic/BasicComboBoxUI$DefaultKeySelectionManager done
Event: 5.752 loading class GiaoDien/FormGiaoDien$15
Event: 5.752 loading class GiaoDien/FormGiaoDien$15 done
Event: 5.753 loading class java/awt/event/PaintEvent
Event: 5.753 loading class java/awt/event/PaintEvent done
Event: 5.756 loading class GiaoDien/FormGiaoDien$16
Event: 5.756 loading class GiaoDien/FormGiaoDien$16 done
Event: 5.759 Executing VM operation: BulkRevokeBias
Event: 5.759 Executing VM operation: BulkRevokeBias done
Event: 5.760 loading class GiaoDien/FormGiaoDien$17
Event: 5.760 loading class GiaoDien/FormGiaoDien$17 done


Dynamic libraries:
0x00007ff777060000 - 0x00007ff77706f000 	C:\Program Files\Java\jdk-13\bin\javaw.exe
0x00007ffd53820000 - 0x00007ffd53a0d000 	C:\Windows\SYSTEM32\ntdll.dll
0x00007ffd50b60000 - 0x00007ffd50c13000 	C:\Windows\System32\KERNEL32.DLL
0x00007ffd506c0000 - 0x00007ffd50953000 	C:\Windows\System32\KERNELBASE.dll
0x00007ffd50510000 - 0x00007ffd5060a000 	C:\Windows\System32\ucrtbase.dll
0x00007ffd48170000 - 0x00007ffd48185000 	C:\Program Files\Java\jdk-13\bin\VCRUNTIME140.dll
0x00007ffd48190000 - 0x00007ffd481a8000 	C:\Program Files\Java\jdk-13\bin\jli.dll
0x00007ffd53640000 - 0x00007ffd536e3000 	C:\Windows\System32\ADVAPI32.dll
0x00007ffd50a40000 - 0x00007ffd50ade000 	C:\Windows\System32\msvcrt.dll
0x00007ffd53050000 - 0x00007ffd530ee000 	C:\Windows\System32\sechost.dll
0x00007ffd52810000 - 0x00007ffd52932000 	C:\Windows\System32\RPCRT4.dll
0x00007ffd521e0000 - 0x00007ffd52377000 	C:\Windows\System32\USER32.dll
0x00007ffd4f8e0000 - 0x00007ffd4f900000 	C:\Windows\System32\win32u.dll
0x00007ffd30c30000 - 0x00007ffd30ea9000 	C:\Windows\WinSxS\amd64_microsoft.windows.common-controls_6595b64144ccf1df_6.0.17763.802_none_05b1445c0722d2cc\COMCTL32.dll
0x00007ffd536f0000 - 0x00007ffd53719000 	C:\Windows\System32\GDI32.dll
0x00007ffd530f0000 - 0x00007ffd5341c000 	C:\Windows\System32\combase.dll
0x00007ffd50350000 - 0x00007ffd504e9000 	C:\Windows\System32\gdi32full.dll
0x00007ffd4f980000 - 0x00007ffd4fa20000 	C:\Windows\System32\msvcp_win.dll
0x00007ffd4f900000 - 0x00007ffd4f97e000 	C:\Windows\System32\bcryptPrimitives.dll
0x00007ffd47360000 - 0x00007ffd4736a000 	C:\Windows\SYSTEM32\VERSION.dll
0x00007ffd52380000 - 0x00007ffd523ae000 	C:\Windows\System32\IMM32.DLL
0x00007ffd3f210000 - 0x00007ffd3f2ab000 	C:\Program Files\Java\jdk-13\bin\msvcp140.dll
0x00007ffd103b0000 - 0x00007ffd10f16000 	C:\Program Files\Java\jdk-13\bin\server\jvm.dll
0x00007ffd521d0000 - 0x00007ffd521d8000 	C:\Windows\System32\PSAPI.DLL
0x00007ffd363f0000 - 0x00007ffd363f9000 	C:\Windows\SYSTEM32\WSOCK32.dll
0x00007ffd53780000 - 0x00007ffd537ed000 	C:\Windows\System32\WS2_32.dll
0x00007ffd41d20000 - 0x00007ffd41d44000 	C:\Windows\SYSTEM32\WINMM.dll
0x00007ffd41a90000 - 0x00007ffd41abd000 	C:\Windows\SYSTEM32\WINMMBASE.dll
0x00007ffd509f0000 - 0x00007ffd50a3a000 	C:\Windows\System32\cfgmgr32.dll
0x00007ffd4f810000 - 0x00007ffd4f821000 	C:\Windows\System32\kernel.appcore.dll
0x00007ffd49170000 - 0x00007ffd49180000 	C:\Program Files\Java\jdk-13\bin\verify.dll
0x00007ffd4b160000 - 0x00007ffd4b34d000 	C:\Windows\SYSTEM32\DBGHELP.DLL
0x00007ffd3ee80000 - 0x00007ffd3eeaa000 	C:\Windows\SYSTEM32\dbgcore.DLL
0x00007ffd49080000 - 0x00007ffd490a6000 	C:\Program Files\Java\jdk-13\bin\java.dll
0x00007ffd47ce0000 - 0x00007ffd47cf7000 	C:\Program Files\Java\jdk-13\bin\zip.dll
0x00007ffd49160000 - 0x00007ffd4916a000 	C:\Program Files\Java\jdk-13\bin\jimage.dll
0x00007ffd50c20000 - 0x00007ffd52114000 	C:\Windows\System32\SHELL32.dll
0x00007ffd52120000 - 0x00007ffd521c8000 	C:\Windows\System32\shcore.dll
0x00007ffd4fc00000 - 0x00007ffd5034d000 	C:\Windows\System32\windows.storage.dll
0x00007ffd4f890000 - 0x00007ffd4f8b4000 	C:\Windows\System32\profapi.dll
0x00007ffd4f830000 - 0x00007ffd4f88d000 	C:\Windows\System32\powrprof.dll
0x00007ffd535e0000 - 0x00007ffd53632000 	C:\Windows\System32\shlwapi.dll
0x00007ffd504f0000 - 0x00007ffd50507000 	C:\Windows\System32\cryptsp.dll
0x00007ffd47cc0000 - 0x00007ffd47cd9000 	C:\Program Files\Java\jdk-13\bin\net.dll
0x00007ffd422e0000 - 0x00007ffd423d2000 	C:\Windows\SYSTEM32\WINHTTP.dll
0x00007ffd424a0000 - 0x00007ffd42677000 	C:\Windows\SYSTEM32\urlmon.dll
0x00007ffd365c0000 - 0x00007ffd36868000 	C:\Windows\SYSTEM32\iertutil.dll
0x00007ffd4f1f0000 - 0x00007ffd4f1fc000 	C:\Windows\SYSTEM32\CRYPTBASE.DLL
0x00007ffd4f020000 - 0x00007ffd4f087000 	C:\Windows\system32\mswsock.dll
0x00007ffd47390000 - 0x00007ffd473a3000 	C:\Program Files\Java\jdk-13\bin\nio.dll
0x00007ffd38830000 - 0x00007ffd389c9000 	C:\Program Files\Java\jdk-13\bin\awt.dll
0x00007ffd52740000 - 0x00007ffd52804000 	C:\Windows\System32\OLEAUT32.dll
0x00007ffd498d0000 - 0x00007ffd49e8e000 	C:\Windows\SYSTEM32\d2d1.dll
0x00007ffd4a610000 - 0x00007ffd4a69c000 	C:\Windows\SYSTEM32\apphelp.dll
0x00007ffd4aa10000 - 0x00007ffd4aaac000 	C:\Windows\system32\uxtheme.dll
0x00007ffd52570000 - 0x00007ffd526db000 	C:\Windows\System32\MSCTF.dll
0x00007ffd4acf0000 - 0x00007ffd4ad1e000 	C:\Windows\system32\dwmapi.dll
0x00007ffd4fa20000 - 0x00007ffd4fbfb000 	C:\Windows\System32\CRYPT32.dll
0x00007ffd4f8c0000 - 0x00007ffd4f8d2000 	C:\Windows\System32\MSASN1.dll
0x00007ffd53480000 - 0x00007ffd535d5000 	C:\Windows\System32\ole32.dll
0x00007ffd18dc0000 - 0x00007ffd18ee7000 	C:\Windows\system32\opengl32.dll
0x00007ffd18d40000 - 0x00007ffd18d6c000 	C:\Windows\SYSTEM32\GLU32.dll
0x00007ffd4ed80000 - 0x00007ffd4ee46000 	C:\Windows\SYSTEM32\DNSAPI.dll
0x00007ffd523b0000 - 0x00007ffd523b8000 	C:\Windows\System32\NSI.dll
0x00007ffd4ed40000 - 0x00007ffd4ed7d000 	C:\Windows\SYSTEM32\IPHLPAPI.DLL
0x00007ffd428a0000 - 0x00007ffd428aa000 	C:\Windows\System32\rasadhlp.dll
0x00007ffd42200000 - 0x00007ffd42279000 	C:\Windows\System32\fwpuclnt.dll
0x00007ffd50960000 - 0x00007ffd50986000 	C:\Windows\System32\bcrypt.dll
0x00007ffd4eba0000 - 0x00007ffd4ebd3000 	C:\Windows\system32\rsaenh.dll
0x00007ffd4f710000 - 0x00007ffd4f738000 	C:\Windows\SYSTEM32\USERENV.dll
0x00007ffd44e40000 - 0x00007ffd44e56000 	C:\Windows\SYSTEM32\dhcpcsvc6.DLL
0x00007ffd45940000 - 0x00007ffd4595c000 	C:\Windows\SYSTEM32\dhcpcsvc.DLL
0x00007ffd432c0000 - 0x00007ffd432e5000 	C:\Program Files\Java\jdk-13\bin\sunec.dll
0x00007ffd49000000 - 0x00007ffd4900e000 	C:\Program Files\Java\jdk-13\bin\sunmscapi.dll
0x00007ffd4f350000 - 0x00007ffd4f376000 	C:\Windows\SYSTEM32\ncrypt.dll
0x00007ffd4f310000 - 0x00007ffd4f34c000 	C:\Windows\SYSTEM32\NTASN1.dll
0x00007ffd35d60000 - 0x00007ffd35d76000 	C:\Windows\system32\napinsp.dll
0x00007ffd35d40000 - 0x00007ffd35d5a000 	C:\Windows\system32\pnrpnsp.dll
0x00007ffd380c0000 - 0x00007ffd380ce000 	C:\Windows\System32\winrnr.dll
0x00007ffd48de0000 - 0x00007ffd48dfb000 	C:\Windows\system32\NLAapi.dll
0x00007ffd44f60000 - 0x00007ffd44f75000 	C:\Windows\system32\wshbth.dll

dbghelp: loaded successfully - version: 4.0.5 - missing functions: none
symbol engine: initialized successfully - sym options: 0x614 - pdb path: .;C:\Program Files\Java\jdk-13\bin;C:\Windows\SYSTEM32;C:\Windows\WinSxS\amd64_microsoft.windows.common-controls_6595b64144ccf1df_6.0.17763.802_none_05b1445c0722d2cc;C:\Program Files\Java\jdk-13\bin\server

VM Arguments:
jvm_args: -Dfile.encoding=UTF-8 --module-path=C:\sqljdbc6-4.2.jar 
java_command: GiaoDien.FormGiaoDien
java_class_path (initial): C:\Users\Nguyen Duc Thien\eclipse-workspace\QLiKhachSan\bin
Launcher Type: SUN_STANDARD

[Global flags]
     intx CICompilerCount                          = 4                                         {product} {ergonomic}
     uint ConcGCThreads                            = 2                                         {product} {ergonomic}
     uint G1ConcRefinementThreads                  = 8                                         {product} {ergonomic}
   size_t G1HeapRegionSize                         = 1048576                                   {product} {ergonomic}
    uintx GCDrainStackTargetSize                   = 64                                        {product} {ergonomic}
   size_t InitialHeapSize                          = 132120576                                 {product} {ergonomic}
   size_t MarkStackSize                            = 4194304                                   {product} {ergonomic}
   size_t MaxHeapSize                              = 2109734912                                {product} {ergonomic}
   size_t MaxNewSize                               = 1265631232                                {product} {ergonomic}
   size_t MinHeapDeltaBytes                        = 1048576                                   {product} {ergonomic}
   size_t MinHeapSize                              = 8388608                                   {product} {ergonomic}
    uintx NonNMethodCodeHeapSize                   = 5836300                                {pd product} {ergonomic}
    uintx NonProfiledCodeHeapSize                  = 122910970                              {pd product} {ergonomic}
    uintx ProfiledCodeHeapSize                     = 122910970                              {pd product} {ergonomic}
    uintx ReservedCodeCacheSize                    = 251658240                              {pd product} {ergonomic}
     bool SegmentedCodeCache                       = true                                      {product} {ergonomic}
   size_t SoftMaxHeapSize                          = 2109734912                             {manageable} {ergonomic}
     bool UseCompressedClassPointers               = true                                 {lp64_product} {ergonomic}
     bool UseCompressedOops                        = true                                 {lp64_product} {ergonomic}
     bool UseG1GC                                  = true                                      {product} {ergonomic}
     bool UseLargePagesIndividualAllocation        = false                                  {pd product} {ergonomic}

Logging:
Log output configuration:
 #0: stdout all=warning uptime,level,tags
 #1: stderr all=off uptime,level,tags

Environment Variables:
JAVA_HOME=C:\Program Files\Java\jdk-13
CLASSPATH=C:\Program Files\Java\jdk-13\lib
PATH=C:/Program Files/Java/jdk-13/bin/server;C:/Program Files/Java/jdk-13/bin;C:\Program Files\Java\jdk-13\bin;C:\Windows\System32\;C:\Windows\;C:\Windows\System32\Wbem;C:\Program Files\MongoDB\Server\4.2\bin;"C:\Program Files\Java\jdk-13\bin;,";C:\Program Files\Java\jdk-13\bin;C:\MongoDB\Server\4.0\bin;D:\eclipse;
USERNAME=Nguyen Duc Thien
OS=Windows_NT
PROCESSOR_IDENTIFIER=Intel64 Family 6 Model 142 Stepping 12, GenuineIntel



---------------  S Y S T E M  ---------------

OS: Windows 10 , 64 bit Build 17763 (10.0.17763.475)

CPU:total 8 (initial active 8) (4 cores per cpu, 2 threads per core) family 6 model 142 stepping 12, cmov, cx8, fxsr, mmx, sse, sse2, sse3, ssse3, sse4.1, sse4.2, popcnt, avx, avx2, aes, clmul, erms, 3dnowpref, lzcnt, ht, tsc, tscinvbit, bmi1, bmi2, adx, fma

Memory: 4k page, system-wide physical 8043M (410M free)
TotalPageFile size 32619M (AvailPageFile size 1M)
current process WorkingSet (physical memory assigned to process): 79M, peak: 82M
current process commit charge ("private bytes"): 231M, peak: 235M

vm_info: Java HotSpot(TM) 64-Bit Server VM (13+33) for windows-amd64 JRE (13+33), built on Sep 18 2019 21:38:00 by "mach5one" with unknown MS VC++:1916

END.
