#
# There is insufficient memory for the Java Runtime Environment to continue.
# Native memory allocation (mmap) failed to map 132120576 bytes for Failed to commit area from 0x0000000082400000 to 0x000000008a200000 of length 132120576.
# Possible reasons:
#   The system is out of physical RAM or swap space
#   The process is running with CompressedOops enabled, and the Java Heap may be blocking the growth of the native heap
# Possible solutions:
#   Reduce memory load on the system
#   Increase physical memory or swap space
#   Check if swap backing store is full
#   Decrease Java heap size (-Xmx/-Xms)
#   Decrease number of Java threads
#   Decrease Java thread stack sizes (-Xss)
#   Set larger code cache with -XX:ReservedCodeCacheSize=
# This output file may be truncated or incomplete.
#
#  Out of Memory Error (t:/workspace/open/src/hotspot/os/windows/os_windows.cpp:3301), pid=248, tid=11880
#
# JRE version:  (13.0+33) (build )
# Java VM: Java HotSpot(TM) 64-Bit Server VM (13+33, mixed mode, aot, sharing, tiered, compressed oops, g1 gc, windows-amd64)
# No core dump will be written. Minidumps are not enabled by default on client versions of Windows
#

---------------  S U M M A R Y ------------

Command Line: -Dfile.encoding=UTF-8 --module-path=C:\sqljdbc6-4.2.jar;C:\Users\Nguyen Duc Thien\Downloads\jcalendar-1.4\lib\jcalendar-1.4.jar GiaoDien.FormGiaoDien

Host: Intel(R) Core(TM) i5-8265U CPU @ 1.60GHz, 8 cores, 7G,  Windows 10 , 64 bit Build 17763 (10.0.17763.475)
Time: Mon Dec  9 12:43:43 2019 SE Asia Standard Time elapsed time: 0 seconds (0d 0h 0m 0s)

---------------  T H R E A D  ---------------

Current thread (0x000001fbfa211000):  JavaThread "Unknown thread" [_thread_in_vm, id=11880, stack(0x0000007f2b300000,0x0000007f2b400000)]

Stack: [0x0000007f2b300000,0x0000007f2b400000]
Native frames: (J=compiled Java code, j=interpreted, Vv=VM code, C=native code)
V  [jvm.dll+0x626eaa]
V  [jvm.dll+0x772c4a]
V  [jvm.dll+0x7743ff]
V  [jvm.dll+0x774a03]
V  [jvm.dll+0x24da38]
V  [jvm.dll+0x62436a]
V  [jvm.dll+0x618f55]
V  [jvm.dll+0x30c5fc]
V  [jvm.dll+0x30c432]
V  [jvm.dll+0x311ba6]
V  [jvm.dll+0x355cc6]
V  [jvm.dll+0x3554a0]
V  [jvm.dll+0x2e727a]
V  [jvm.dll+0x2e8512]
V  [jvm.dll+0x74fcb8]
V  [jvm.dll+0x363719]
V  [jvm.dll+0x732da5]
V  [jvm.dll+0x3ce2cf]
V  [jvm.dll+0x3d05f1]
C  [jli.dll+0x51ff]
C  [ucrtbase.dll+0x21ffa]
C  [KERNEL32.DLL+0x17974]
C  [ntdll.dll+0x6a271]


---------------  P R O C E S S  ---------------

Threads class SMR info:
_java_thread_list=0x00007ffee77e46b8, length=0, elements={
}

Java Threads: ( => current thread )

Other Threads:
  0x000001fbfa254800 GCTaskThread "GC Thread#0" [stack: 0x0000007f2b400000,0x0000007f2b500000] [id=14112]
  0x000001fbfa265800 ConcurrentGCThread "G1 Main Marker" [stack: 0x0000007f2b500000,0x0000007f2b600000] [id=12712]
  0x000001fbfa267000 ConcurrentGCThread "G1 Conc#0" [stack: 0x0000007f2b600000,0x0000007f2b700000] [id=15316]

[error occurred during error reporting (printing all threads), id 0xc0000005, EXCEPTION_ACCESS_VIOLATION (0xc0000005) at pc=0x00007ffee7016f47]

VM state:not at safepoint (not fully initialized)

VM Mutex/Monitor currently owned by a thread:  ([mutex/lock_event])
[0x000001fbf818ad40] Heap_lock - owner thread: 0x000001fbfa211000

Heap address: 0x0000000082400000, size: 2012 MB, Compressed Oops mode: Non-zero based: 0x0000000082400000
Narrow klass base: 0x0000000000000000, Narrow klass shift: 0

GC Heap History (0 events):
No events

Deoptimization events (0 events):
No events

Classes unloaded (0 events):
No events

Classes redefined (0 events):
No events

Internal exceptions (0 events):
No events

Events (8 events):
Event: 0.004 Loaded shared library C:\Program Files\Java\jdk-13\bin\zip.dll
Event: 0.004 Loaded shared library C:\Program Files\Java\jdk-13\bin\jimage.dll
Event: 0.005 Loading shared library C:\Program Files\Java\jdk-13\lib\libjava.base-coop.dll failed, error code 126
Event: 0.005 Loading shared library C:\Program Files\Java\jdk-13\lib\libjava.logging-coop.dll failed, error code 126
Event: 0.005 Loading shared library C:\Program Files\Java\jdk-13\lib\libjdk.compiler-coop.dll failed, error code 126
Event: 0.005 Loading shared library C:\Program Files\Java\jdk-13\lib\libjdk.scripting.nashorn-coop.dll failed, error code 126
Event: 0.005 Loading shared library C:\Program Files\Java\jdk-13\lib\libjdk.internal.vm.ci-coop.dll failed, error code 126
Event: 0.005 Loading shared library C:\Program Files\Java\jdk-13\lib\libjdk.internal.vm.compiler-coop.dll failed, error code 126


Dynamic libraries:
0x00007ff624ca0000 - 0x00007ff624caf000 	C:\Program Files\Java\jdk-13\bin\javaw.exe
0x00007fff2da10000 - 0x00007fff2dbfd000 	C:\Windows\SYSTEM32\ntdll.dll
0x00007fff2ac50000 - 0x00007fff2ad03000 	C:\Windows\System32\KERNEL32.DLL
0x00007fff2a440000 - 0x00007fff2a6d3000 	C:\Windows\System32\KERNELBASE.dll
0x00007fff29bf0000 - 0x00007fff29cea000 	C:\Windows\System32\ucrtbase.dll
0x00007fff21680000 - 0x00007fff21698000 	C:\Program Files\Java\jdk-13\bin\jli.dll
0x00007fff21660000 - 0x00007fff21675000 	C:\Program Files\Java\jdk-13\bin\VCRUNTIME140.dll
0x00007fff2b3d0000 - 0x00007fff2b473000 	C:\Windows\System32\ADVAPI32.dll
0x00007fff2d4f0000 - 0x00007fff2d58e000 	C:\Windows\System32\msvcrt.dll
0x00007fff2d440000 - 0x00007fff2d4de000 	C:\Windows\System32\sechost.dll
0x00007fff2d590000 - 0x00007fff2d6b2000 	C:\Windows\System32\RPCRT4.dll
0x00007fff2d2a0000 - 0x00007fff2d437000 	C:\Windows\System32\USER32.dll
0x00007fff2ab70000 - 0x00007fff2ab90000 	C:\Windows\System32\win32u.dll
0x00007fff2b680000 - 0x00007fff2b6a9000 	C:\Windows\System32\GDI32.dll
0x00007fff038f0000 - 0x00007fff03b69000 	C:\Windows\WinSxS\amd64_microsoft.windows.common-controls_6595b64144ccf1df_6.0.17763.864_none_05b3441807210760\COMCTL32.dll
0x00007fff2a970000 - 0x00007fff2ab09000 	C:\Windows\System32\gdi32full.dll
0x00007fff2ad70000 - 0x00007fff2b09c000 	C:\Windows\System32\combase.dll
0x00007fff29ad0000 - 0x00007fff29b70000 	C:\Windows\System32\msvcp_win.dll
0x00007fff29b70000 - 0x00007fff29bee000 	C:\Windows\System32\bcryptPrimitives.dll
0x00007fff1d970000 - 0x00007fff1d97a000 	C:\Windows\SYSTEM32\VERSION.dll
0x00007fff2d260000 - 0x00007fff2d28e000 	C:\Windows\System32\IMM32.DLL
0x00007fff17290000 - 0x00007fff1732b000 	C:\Program Files\Java\jdk-13\bin\msvcp140.dll
0x00007ffee6d20000 - 0x00007ffee7886000 	C:\Program Files\Java\jdk-13\bin\server\jvm.dll
0x00007fff2b290000 - 0x00007fff2b298000 	C:\Windows\System32\PSAPI.DLL
0x00007fff08ed0000 - 0x00007fff08ed9000 	C:\Windows\SYSTEM32\WSOCK32.dll
0x00007fff22cc0000 - 0x00007fff22ce4000 	C:\Windows\SYSTEM32\WINMM.dll
0x00007fff2b870000 - 0x00007fff2b8dd000 	C:\Windows\System32\WS2_32.dll
0x00007fff22c90000 - 0x00007fff22cbd000 	C:\Windows\SYSTEM32\winmmbase.dll
0x00007fff2abe0000 - 0x00007fff2ac2a000 	C:\Windows\System32\cfgmgr32.dll
0x00007fff29a90000 - 0x00007fff29aa1000 	C:\Windows\System32\kernel.appcore.dll
0x00007fff22e20000 - 0x00007fff22e30000 	C:\Program Files\Java\jdk-13\bin\verify.dll
0x00007fff25220000 - 0x00007fff2540d000 	C:\Windows\SYSTEM32\DBGHELP.DLL
0x00007fff11990000 - 0x00007fff119ba000 	C:\Windows\SYSTEM32\dbgcore.DLL
0x00007fff1b4c0000 - 0x00007fff1b4e6000 	C:\Program Files\Java\jdk-13\bin\java.dll
0x00007fff228f0000 - 0x00007fff22907000 	C:\Program Files\Java\jdk-13\bin\zip.dll
0x00007fff216a0000 - 0x00007fff216aa000 	C:\Program Files\Java\jdk-13\bin\jimage.dll

dbghelp: loaded successfully - version: 4.0.5 - missing functions: none
symbol engine: initialized successfully - sym options: 0x614 - pdb path: .;C:\Program Files\Java\jdk-13\bin;C:\Windows\SYSTEM32;C:\Windows\WinSxS\amd64_microsoft.windows.common-controls_6595b64144ccf1df_6.0.17763.864_none_05b3441807210760;C:\Program Files\Java\jdk-13\bin\server

VM Arguments:
jvm_args: -Dfile.encoding=UTF-8 --module-path=C:\sqljdbc6-4.2.jar;C:\Users\Nguyen Duc Thien\Downloads\jcalendar-1.4\lib\jcalendar-1.4.jar 
java_command: GiaoDien.FormGiaoDien
java_class_path (initial): D:\Du lieu java\QLiKhachSan\bin
Launcher Type: SUN_STANDARD

[Global flags]
     intx CICompilerCount                          = 4                                         {product} {ergonomic}
     uint ConcGCThreads                            = 2                                         {product} {ergonomic}
     uint G1ConcRefinementThreads                  = 8                                         {product} {ergonomic}
   size_t G1HeapRegionSize                         = 1048576                                   {product} {ergonomic}
    uintx GCDrainStackTargetSize                   = 64                                        {product} {ergonomic}
   size_t InitialHeapSize                          = 132120576                                 {product} {ergonomic}
   size_t MarkStackSize                            = 4194304                                   {product} {ergonomic}
   size_t MaxHeapSize                              = 2109734912                                {product} {ergonomic}
   size_t MinHeapDeltaBytes                        = 1048576                                   {product} {ergonomic}
   size_t MinHeapSize                              = 8388608                                   {product} {ergonomic}
    uintx NonNMethodCodeHeapSize                   = 5836300                                {pd product} {ergonomic}
    uintx NonProfiledCodeHeapSize                  = 122910970                              {pd product} {ergonomic}
    uintx ProfiledCodeHeapSize                     = 122910970                              {pd product} {ergonomic}
    uintx ReservedCodeCacheSize                    = 251658240                              {pd product} {ergonomic}
     bool SegmentedCodeCache                       = true                                      {product} {ergonomic}
   size_t SoftMaxHeapSize                          = 2109734912                             {manageable} {ergonomic}
     bool UseCompressedClassPointers               = true                                 {lp64_product} {ergonomic}
     bool UseCompressedOops                        = true                                 {lp64_product} {ergonomic}
     bool UseG1GC                                  = true                                      {product} {ergonomic}
     bool UseLargePagesIndividualAllocation        = false                                  {pd product} {ergonomic}

Logging:
Log output configuration:
 #0: stdout all=warning uptime,level,tags
 #1: stderr all=off uptime,level,tags

Environment Variables:
JAVA_HOME=C:\Program Files\Java\jdk-13
CLASSPATH=C:\Program Files\Java\jdk-13\lib
PATH=C:/Program Files/Java/jdk-13/bin/server;C:/Program Files/Java/jdk-13/bin;C:\Program Files\Java\jdk-13\bin;C:\Windows\System32\;C:\Windows\;C:\Windows\System32\Wbem;C:\Program Files\MongoDB\Server\4.2\bin;"C:\Program Files\Java\jdk-13\bin;,";C:\Program Files\Java\jdk-13\bin;C:\MongoDB\Server\4.0\bin;C:\Users\Nguyen Duc Thien\Downloads\eclipse-jee-2019-09-R-win32-x86_64\eclipse;
USERNAME=Nguyen Duc Thien
OS=Windows_NT
PROCESSOR_IDENTIFIER=Intel64 Family 6 Model 142 Stepping 12, GenuineIntel



---------------  S Y S T E M  ---------------

OS: Windows 10 , 64 bit Build 17763 (10.0.17763.475)

CPU:total 8 (initial active 8) (4 cores per cpu, 2 threads per core) family 6 model 142 stepping 12, cmov, cx8, fxsr, mmx, sse, sse2, sse3, ssse3, sse4.1, sse4.2, popcnt, avx, avx2, aes, clmul, erms, 3dnowpref, lzcnt, ht, tsc, tscinvbit, bmi1, bmi2, adx, fma

Memory: 4k page, system-wide physical 8043M (611M free)
TotalPageFile size 32619M (AvailPageFile size 20M)
current process WorkingSet (physical memory assigned to process): 10M, peak: 10M
current process commit charge ("private bytes"): 60M, peak: 186M

vm_info: Java HotSpot(TM) 64-Bit Server VM (13+33) for windows-amd64 JRE (13+33), built on Sep 18 2019 21:38:00 by "mach5one" with unknown MS VC++:1916

END.
