#
# There is insufficient memory for the Java Runtime Environment to continue.
# Native memory allocation (mmap) failed to map 132120576 bytes for Failed to commit area from 0x0000000082400000 to 0x000000008a200000 of length 132120576.
# Possible reasons:
#   The system is out of physical RAM or swap space
#   The process is running with CompressedOops enabled, and the Java Heap may be blocking the growth of the native heap
# Possible solutions:
#   Reduce memory load on the system
#   Increase physical memory or swap space
#   Check if swap backing store is full
#   Decrease Java heap size (-Xmx/-Xms)
#   Decrease number of Java threads
#   Decrease Java thread stack sizes (-Xss)
#   Set larger code cache with -XX:ReservedCodeCacheSize=
# This output file may be truncated or incomplete.
#
#  Out of Memory Error (t:/workspace/open/src/hotspot/os/windows/os_windows.cpp:3301), pid=11280, tid=6784
#
# JRE version:  (13.0+33) (build )
# Java VM: Java HotSpot(TM) 64-Bit Server VM (13+33, mixed mode, aot, sharing, tiered, compressed oops, g1 gc, windows-amd64)
# No core dump will be written. Minidumps are not enabled by default on client versions of Windows
#

---------------  S U M M A R Y ------------

Command Line: -Dfile.encoding=UTF-8 --module-path=C:\sqljdbc6-4.2.jar GiaoDien.FormGiaoDien

Host: Intel(R) Core(TM) i5-8265U CPU @ 1.60GHz, 8 cores, 7G,  Windows 10 , 64 bit Build 17763 (10.0.17763.475)
Time: Fri Nov  8 13:58:29 2019 SE Asia Standard Time elapsed time: 0 seconds (0d 0h 0m 0s)

---------------  T H R E A D  ---------------

Current thread (0x0000012cf099d800):  JavaThread "Unknown thread" [_thread_in_vm, id=6784, stack(0x0000001eb0c00000,0x0000001eb0d00000)]

Stack: [0x0000001eb0c00000,0x0000001eb0d00000]
Native frames: (J=compiled Java code, j=interpreted, Vv=VM code, C=native code)
V  [jvm.dll+0x626eaa]
V  [jvm.dll+0x772c4a]
V  [jvm.dll+0x7743ff]
V  [jvm.dll+0x774a03]
V  [jvm.dll+0x24da38]
V  [jvm.dll+0x62436a]
V  [jvm.dll+0x618f55]
V  [jvm.dll+0x30c5fc]
V  [jvm.dll+0x30c432]
V  [jvm.dll+0x311ba6]
V  [jvm.dll+0x355cc6]
V  [jvm.dll+0x3554a0]
V  [jvm.dll+0x2e727a]
V  [jvm.dll+0x2e8512]
V  [jvm.dll+0x74fcb8]
V  [jvm.dll+0x363719]
V  [jvm.dll+0x732da5]
V  [jvm.dll+0x3ce2cf]
V  [jvm.dll+0x3d05f1]
C  [jli.dll+0x51ff]
C  [ucrtbase.dll+0x21ffa]
C  [KERNEL32.DLL+0x17974]
C  [ntdll.dll+0x6a271]


---------------  P R O C E S S  ---------------

Threads class SMR info:
_java_thread_list=0x00007ffb553846b8, length=0, elements={
}

Java Threads: ( => current thread )

Other Threads:
  0x0000012cf09e2800 GCTaskThread "GC Thread#0" [stack: 0x0000001eb0d00000,0x0000001eb0e00000] [id=1512]
  0x0000012cf09f4800 ConcurrentGCThread "G1 Main Marker" [stack: 0x0000001eb0e00000,0x0000001eb0f00000] [id=9864]
  0x0000012cf09f6000 ConcurrentGCThread "G1 Conc#0" [stack: 0x0000001eb0f00000,0x0000001eb1000000] [id=9252]

[error occurred during error reporting (printing all threads), id 0xc0000005, EXCEPTION_ACCESS_VIOLATION (0xc0000005) at pc=0x00007ffb54bb6f47]

VM state:not at safepoint (not fully initialized)

VM Mutex/Monitor currently owned by a thread:  ([mutex/lock_event])
[0x0000012cf099b030] Heap_lock - owner thread: 0x0000012cf099d800

Heap address: 0x0000000082400000, size: 2012 MB, Compressed Oops mode: Non-zero based: 0x0000000082400000
Narrow klass base: 0x0000000000000000, Narrow klass shift: 0

GC Heap History (0 events):
No events

Deoptimization events (0 events):
No events

Classes unloaded (0 events):
No events

Classes redefined (0 events):
No events

Internal exceptions (0 events):
No events

Events (8 events):
Event: 0.004 Loaded shared library C:\Program Files\Java\jdk-13\bin\zip.dll
Event: 0.005 Loaded shared library C:\Program Files\Java\jdk-13\bin\jimage.dll
Event: 0.005 Loading shared library C:\Program Files\Java\jdk-13\lib\libjava.base-coop.dll failed, error code 126
Event: 0.006 Loading shared library C:\Program Files\Java\jdk-13\lib\libjava.logging-coop.dll failed, error code 126
Event: 0.006 Loading shared library C:\Program Files\Java\jdk-13\lib\libjdk.compiler-coop.dll failed, error code 126
Event: 0.006 Loading shared library C:\Program Files\Java\jdk-13\lib\libjdk.scripting.nashorn-coop.dll failed, error code 126
Event: 0.006 Loading shared library C:\Program Files\Java\jdk-13\lib\libjdk.internal.vm.ci-coop.dll failed, error code 126
Event: 0.006 Loading shared library C:\Program Files\Java\jdk-13\lib\libjdk.internal.vm.compiler-coop.dll failed, error code 126


Dynamic libraries:
0x00007ff7c31c0000 - 0x00007ff7c31cf000 	C:\Program Files\Java\jdk-13\bin\javaw.exe
0x00007ffba48d0000 - 0x00007ffba4abd000 	C:\Windows\SYSTEM32\ntdll.dll
0x00007ffba27c0000 - 0x00007ffba2873000 	C:\Windows\System32\KERNEL32.DLL
0x00007ffba0990000 - 0x00007ffba0c23000 	C:\Windows\System32\KERNELBASE.dll
0x00007ffba0c30000 - 0x00007ffba0d2a000 	C:\Windows\System32\ucrtbase.dll
0x00007ffb97ea0000 - 0x00007ffb97eb5000 	C:\Program Files\Java\jdk-13\bin\VCRUNTIME140.dll
0x00007ffb97d30000 - 0x00007ffb97d48000 	C:\Program Files\Java\jdk-13\bin\jli.dll
0x00007ffba3ea0000 - 0x00007ffba3f43000 	C:\Windows\System32\ADVAPI32.dll
0x00007ffba1fd0000 - 0x00007ffba206e000 	C:\Windows\System32\msvcrt.dll
0x00007ffba20e0000 - 0x00007ffba217e000 	C:\Windows\System32\sechost.dll
0x00007ffba1c60000 - 0x00007ffba1d82000 	C:\Windows\System32\RPCRT4.dll
0x00007ffba2590000 - 0x00007ffba2727000 	C:\Windows\System32\USER32.dll
0x00007ffba0ee0000 - 0x00007ffba0f00000 	C:\Windows\System32\win32u.dll
0x00007ffb78c90000 - 0x00007ffb78f09000 	C:\Windows\WinSxS\amd64_microsoft.windows.common-controls_6595b64144ccf1df_6.0.17763.802_none_05b1445c0722d2cc\COMCTL32.dll
0x00007ffba1d90000 - 0x00007ffba1db9000 	C:\Windows\System32\GDI32.dll
0x00007ffba44a0000 - 0x00007ffba47cc000 	C:\Windows\System32\combase.dll
0x00007ffba16a0000 - 0x00007ffba1839000 	C:\Windows\System32\gdi32full.dll
0x00007ffba0d90000 - 0x00007ffba0e30000 	C:\Windows\System32\msvcp_win.dll
0x00007ffba0e60000 - 0x00007ffba0ede000 	C:\Windows\System32\bcryptPrimitives.dll
0x00007ffb94910000 - 0x00007ffb9491a000 	C:\Windows\SYSTEM32\VERSION.dll
0x00007ffba2960000 - 0x00007ffba298e000 	C:\Windows\System32\IMM32.DLL
0x00007ffb8dcc0000 - 0x00007ffb8dd5b000 	C:\Program Files\Java\jdk-13\bin\msvcp140.dll
0x00007ffb548c0000 - 0x00007ffb55426000 	C:\Program Files\Java\jdk-13\bin\server\jvm.dll
0x00007ffba2580000 - 0x00007ffba2588000 	C:\Windows\System32\PSAPI.DLL
0x00007ffb9ac60000 - 0x00007ffb9ac84000 	C:\Windows\SYSTEM32\WINMM.dll
0x00007ffb7e4f0000 - 0x00007ffb7e4f9000 	C:\Windows\SYSTEM32\WSOCK32.dll
0x00007ffba2070000 - 0x00007ffba20dd000 	C:\Windows\System32\WS2_32.dll
0x00007ffb9ab40000 - 0x00007ffb9ab6d000 	C:\Windows\SYSTEM32\WINMMBASE.dll
0x00007ffba0f00000 - 0x00007ffba0f4a000 	C:\Windows\System32\cfgmgr32.dll
0x00007ffba08c0000 - 0x00007ffba08d1000 	C:\Windows\System32\kernel.appcore.dll
0x00007ffb994c0000 - 0x00007ffb994d0000 	C:\Program Files\Java\jdk-13\bin\verify.dll
0x00007ffba0400000 - 0x00007ffba05ed000 	C:\Windows\SYSTEM32\DBGHELP.DLL
0x00007ffba0160000 - 0x00007ffba018a000 	C:\Windows\SYSTEM32\dbgcore.DLL
0x00007ffb97c20000 - 0x00007ffb97c46000 	C:\Program Files\Java\jdk-13\bin\java.dll
0x00007ffb994a0000 - 0x00007ffb994b7000 	C:\Program Files\Java\jdk-13\bin\zip.dll
0x00007ffb99460000 - 0x00007ffb9946a000 	C:\Program Files\Java\jdk-13\bin\jimage.dll

dbghelp: loaded successfully - version: 4.0.5 - missing functions: none
symbol engine: initialized successfully - sym options: 0x614 - pdb path: .;C:\Program Files\Java\jdk-13\bin;C:\Windows\SYSTEM32;C:\Windows\WinSxS\amd64_microsoft.windows.common-controls_6595b64144ccf1df_6.0.17763.802_none_05b1445c0722d2cc;C:\Program Files\Java\jdk-13\bin\server

VM Arguments:
jvm_args: -Dfile.encoding=UTF-8 --module-path=C:\sqljdbc6-4.2.jar 
java_command: GiaoDien.FormGiaoDien
java_class_path (initial): C:\Users\Nguyen Duc Thien\eclipse-workspace\QLiKhachSan\bin
Launcher Type: SUN_STANDARD

[Global flags]
     intx CICompilerCount                          = 4                                         {product} {ergonomic}
     uint ConcGCThreads                            = 2                                         {product} {ergonomic}
     uint G1ConcRefinementThreads                  = 8                                         {product} {ergonomic}
   size_t G1HeapRegionSize                         = 1048576                                   {product} {ergonomic}
    uintx GCDrainStackTargetSize                   = 64                                        {product} {ergonomic}
   size_t InitialHeapSize                          = 132120576                                 {product} {ergonomic}
   size_t MarkStackSize                            = 4194304                                   {product} {ergonomic}
   size_t MaxHeapSize                              = 2109734912                                {product} {ergonomic}
   size_t MinHeapDeltaBytes                        = 1048576                                   {product} {ergonomic}
   size_t MinHeapSize                              = 8388608                                   {product} {ergonomic}
    uintx NonNMethodCodeHeapSize                   = 5836300                                {pd product} {ergonomic}
    uintx NonProfiledCodeHeapSize                  = 122910970                              {pd product} {ergonomic}
    uintx ProfiledCodeHeapSize                     = 122910970                              {pd product} {ergonomic}
    uintx ReservedCodeCacheSize                    = 251658240                              {pd product} {ergonomic}
     bool SegmentedCodeCache                       = true                                      {product} {ergonomic}
   size_t SoftMaxHeapSize                          = 2109734912                             {manageable} {ergonomic}
     bool UseCompressedClassPointers               = true                                 {lp64_product} {ergonomic}
     bool UseCompressedOops                        = true                                 {lp64_product} {ergonomic}
     bool UseG1GC                                  = true                                      {product} {ergonomic}
     bool UseLargePagesIndividualAllocation        = false                                  {pd product} {ergonomic}

Logging:
Log output configuration:
 #0: stdout all=warning uptime,level,tags
 #1: stderr all=off uptime,level,tags

Environment Variables:
JAVA_HOME=C:\Program Files\Java\jdk-13
CLASSPATH=C:\Program Files\Java\jdk-13\lib
PATH=C:/Program Files/Java/jdk-13/bin/server;C:/Program Files/Java/jdk-13/bin;C:\Program Files\Java\jdk-13\bin;C:\Windows\System32\;C:\Windows\;C:\Windows\System32\Wbem;C:\Program Files\MongoDB\Server\4.2\bin;"C:\Program Files\Java\jdk-13\bin;,";C:\Program Files\Java\jdk-13\bin;C:\MongoDB\Server\4.0\bin;D:\eclipse;
USERNAME=Nguyen Duc Thien
OS=Windows_NT
PROCESSOR_IDENTIFIER=Intel64 Family 6 Model 142 Stepping 12, GenuineIntel



---------------  S Y S T E M  ---------------

OS: Windows 10 , 64 bit Build 17763 (10.0.17763.475)

CPU:total 8 (initial active 8) (4 cores per cpu, 2 threads per core) family 6 model 142 stepping 12, cmov, cx8, fxsr, mmx, sse, sse2, sse3, ssse3, sse4.1, sse4.2, popcnt, avx, avx2, aes, clmul, erms, 3dnowpref, lzcnt, ht, tsc, tscinvbit, bmi1, bmi2, adx, fma

Memory: 4k page, system-wide physical 8043M (651M free)
TotalPageFile size 32619M (AvailPageFile size 46M)
current process WorkingSet (physical memory assigned to process): 10M, peak: 10M
current process commit charge ("private bytes"): 60M, peak: 186M

vm_info: Java HotSpot(TM) 64-Bit Server VM (13+33) for windows-amd64 JRE (13+33), built on Sep 18 2019 21:38:00 by "mach5one" with unknown MS VC++:1916

END.
