#
# There is insufficient memory for the Java Runtime Environment to continue.
# Native memory allocation (malloc) failed to allocate 1048576 bytes for AllocateHeap
# Possible reasons:
#   The system is out of physical RAM or swap space
#   The process is running with CompressedOops enabled, and the Java Heap may be blocking the growth of the native heap
# Possible solutions:
#   Reduce memory load on the system
#   Increase physical memory or swap space
#   Check if swap backing store is full
#   Decrease Java heap size (-Xmx/-Xms)
#   Decrease number of Java threads
#   Decrease Java thread stack sizes (-Xss)
#   Set larger code cache with -XX:ReservedCodeCacheSize=
# This output file may be truncated or incomplete.
#
#  Out of Memory Error (t:/workspace/open/src/hotspot/share/memory/allocation.cpp:45), pid=12068, tid=14148
#
# JRE version:  (13.0+33) (build )
# Java VM: Java HotSpot(TM) 64-Bit Server VM (13+33, mixed mode, aot, sharing, tiered, compressed oops, g1 gc, windows-amd64)
# No core dump will be written. Minidumps are not enabled by default on client versions of Windows
#

---------------  S U M M A R Y ------------

Command Line: -Dfile.encoding=UTF-8 --module-path=C:\sqljdbc6-4.2.jar;C:\Users\Nguyen Duc Thien\Downloads\jcalendar-1.4\lib\jcalendar-1.4.jar GiaoDien.FormGiaoDien

Host: Intel(R) Core(TM) i5-8265U CPU @ 1.60GHz, 8 cores, 7G,  Windows 10 , 64 bit Build 17763 (10.0.17763.475)
Time: Tue Dec 10 02:20:35 2019 SE Asia Standard Time elapsed time: 0 seconds (0d 0h 0m 0s)

---------------  T H R E A D  ---------------

Current thread (0x000002a1a29fb800):  JavaThread "Unknown thread" [_thread_in_vm, id=14148, stack(0x000000f207900000,0x000000f207a00000)]

Stack: [0x000000f207900000,0x000000f207a00000]
Native frames: (J=compiled Java code, j=interpreted, Vv=VM code, C=native code)
V  [jvm.dll+0x626eaa]
V  [jvm.dll+0x772c4a]
V  [jvm.dll+0x7743ff]
V  [jvm.dll+0x774a03]
V  [jvm.dll+0x24da38]
V  [jvm.dll+0xbaa2f]
V  [jvm.dll+0x2ef4f3]
V  [jvm.dll+0x2e84d5]
V  [jvm.dll+0x74fcb8]
V  [jvm.dll+0x363719]
V  [jvm.dll+0x732da5]
V  [jvm.dll+0x3ce2cf]
V  [jvm.dll+0x3d05f1]
C  [jli.dll+0x51ff]
C  [ucrtbase.dll+0x21ffa]
C  [KERNEL32.DLL+0x17974]
C  [ntdll.dll+0x6a271]


---------------  P R O C E S S  ---------------

Threads class SMR info:
_java_thread_list=0x00007fff25ca46b8, length=0, elements={
}

Java Threads: ( => current thread )

Other Threads:
  0x000002a1a2a3e000 GCTaskThread "GC Thread#0" [stack: 0x000000f207a00000,0x000000f207b00000] [id=12728]

[error occurred during error reporting (printing all threads), id 0xc0000005, EXCEPTION_ACCESS_VIOLATION (0xc0000005) at pc=0x00007fff254d3fd0]

VM state:not at safepoint (not fully initialized)

VM Mutex/Monitor currently owned by a thread:  ([mutex/lock_event])
[0x000002a1a29f7060] Heap_lock - owner thread: 0x000002a1a29fb800

Heap address: 0x0000000082400000, size: 2012 MB, Compressed Oops mode: Non-zero based: 0x0000000082400000
Narrow klass base: 0x0000000000000000, Narrow klass shift: 0

GC Heap History (0 events):
No events

Deoptimization events (0 events):
No events

Classes unloaded (0 events):
No events

Classes redefined (0 events):
No events

Internal exceptions (0 events):
No events

Events (8 events):
Event: 0.006 Loaded shared library C:\Program Files\Java\jdk-13\bin\zip.dll
Event: 0.006 Loaded shared library C:\Program Files\Java\jdk-13\bin\jimage.dll
Event: 0.007 Loading shared library C:\Program Files\Java\jdk-13\lib\libjava.base-coop.dll failed, error code 126
Event: 0.007 Loading shared library C:\Program Files\Java\jdk-13\lib\libjava.logging-coop.dll failed, error code 126
Event: 0.007 Loading shared library C:\Program Files\Java\jdk-13\lib\libjdk.compiler-coop.dll failed, error code 126
Event: 0.007 Loading shared library C:\Program Files\Java\jdk-13\lib\libjdk.scripting.nashorn-coop.dll failed, error code 126
Event: 0.007 Loading shared library C:\Program Files\Java\jdk-13\lib\libjdk.internal.vm.ci-coop.dll failed, error code 126
Event: 0.007 Loading shared library C:\Program Files\Java\jdk-13\lib\libjdk.internal.vm.compiler-coop.dll failed, error code 126


Dynamic libraries:
0x00007ff6a4b40000 - 0x00007ff6a4b4f000 	C:\Program Files\Java\jdk-13\bin\javaw.exe
0x00007fff87800000 - 0x00007fff879ed000 	C:\Windows\SYSTEM32\ntdll.dll
0x00007fff87020000 - 0x00007fff870d3000 	C:\Windows\System32\KERNEL32.DLL
0x00007fff83ba0000 - 0x00007fff83e33000 	C:\Windows\System32\KERNELBASE.dll
0x00007fff838c0000 - 0x00007fff839ba000 	C:\Windows\System32\ucrtbase.dll
0x00007fff7cf30000 - 0x00007fff7cf48000 	C:\Program Files\Java\jdk-13\bin\jli.dll
0x00007fff7cc30000 - 0x00007fff7cc45000 	C:\Program Files\Java\jdk-13\bin\VCRUNTIME140.dll
0x00007fff859c0000 - 0x00007fff85a63000 	C:\Windows\System32\ADVAPI32.dll
0x00007fff86f80000 - 0x00007fff8701e000 	C:\Windows\System32\msvcrt.dll
0x00007fff87660000 - 0x00007fff876fe000 	C:\Windows\System32\sechost.dll
0x00007fff84ea0000 - 0x00007fff84fc2000 	C:\Windows\System32\RPCRT4.dll
0x00007fff87290000 - 0x00007fff87427000 	C:\Windows\System32\USER32.dll
0x00007fff847d0000 - 0x00007fff847f0000 	C:\Windows\System32\win32u.dll
0x00007fff5e840000 - 0x00007fff5eab9000 	C:\Windows\WinSxS\amd64_microsoft.windows.common-controls_6595b64144ccf1df_6.0.17763.864_none_05b3441807210760\COMCTL32.dll
0x00007fff84a20000 - 0x00007fff84a49000 	C:\Windows\System32\GDI32.dll
0x00007fff83ee0000 - 0x00007fff84079000 	C:\Windows\System32\gdi32full.dll
0x00007fff85170000 - 0x00007fff8549c000 	C:\Windows\System32\combase.dll
0x00007fff848a0000 - 0x00007fff84940000 	C:\Windows\System32\msvcp_win.dll
0x00007fff83e40000 - 0x00007fff83ebe000 	C:\Windows\System32\bcryptPrimitives.dll
0x00007fff79a50000 - 0x00007fff79a5a000 	C:\Windows\SYSTEM32\VERSION.dll
0x00007fff85080000 - 0x00007fff850ae000 	C:\Windows\System32\IMM32.DLL
0x00007fff78dd0000 - 0x00007fff78e6b000 	C:\Program Files\Java\jdk-13\bin\msvcp140.dll
0x00007fff251e0000 - 0x00007fff25d46000 	C:\Program Files\Java\jdk-13\bin\server\jvm.dll
0x00007fff84b20000 - 0x00007fff84b28000 	C:\Windows\System32\PSAPI.DLL
0x00007fff7e3a0000 - 0x00007fff7e3c4000 	C:\Windows\SYSTEM32\WINMM.dll
0x00007fff65a00000 - 0x00007fff65a09000 	C:\Windows\SYSTEM32\WSOCK32.dll
0x00007fff87700000 - 0x00007fff8776d000 	C:\Windows\System32\WS2_32.dll
0x00007fff7df20000 - 0x00007fff7df4d000 	C:\Windows\SYSTEM32\WINMMBASE.dll
0x00007fff847f0000 - 0x00007fff8483a000 	C:\Windows\System32\cfgmgr32.dll
0x00007fff838a0000 - 0x00007fff838b1000 	C:\Windows\System32\kernel.appcore.dll
0x00007fff7bb30000 - 0x00007fff7bb40000 	C:\Program Files\Java\jdk-13\bin\verify.dll
0x00007fff7f140000 - 0x00007fff7f32d000 	C:\Windows\SYSTEM32\DBGHELP.DLL
0x00007fff69570000 - 0x00007fff6959a000 	C:\Windows\SYSTEM32\dbgcore.DLL
0x00007fff79810000 - 0x00007fff79836000 	C:\Program Files\Java\jdk-13\bin\java.dll
0x00007fff75380000 - 0x00007fff75397000 	C:\Program Files\Java\jdk-13\bin\zip.dll
0x00007fff79800000 - 0x00007fff7980a000 	C:\Program Files\Java\jdk-13\bin\jimage.dll

dbghelp: loaded successfully - version: 4.0.5 - missing functions: none
symbol engine: initialized successfully - sym options: 0x614 - pdb path: .;C:\Program Files\Java\jdk-13\bin;C:\Windows\SYSTEM32;C:\Windows\WinSxS\amd64_microsoft.windows.common-controls_6595b64144ccf1df_6.0.17763.864_none_05b3441807210760;C:\Program Files\Java\jdk-13\bin\server

VM Arguments:
jvm_args: -Dfile.encoding=UTF-8 --module-path=C:\sqljdbc6-4.2.jar;C:\Users\Nguyen Duc Thien\Downloads\jcalendar-1.4\lib\jcalendar-1.4.jar 
java_command: GiaoDien.FormGiaoDien
java_class_path (initial): D:\Du lieu java\QLiKhachSan\bin
Launcher Type: SUN_STANDARD

[Global flags]
     intx CICompilerCount                          = 4                                         {product} {ergonomic}
     uint ConcGCThreads                            = 2                                         {product} {ergonomic}
     uint G1ConcRefinementThreads                  = 8                                         {product} {ergonomic}
   size_t G1HeapRegionSize                         = 1048576                                   {product} {ergonomic}
    uintx GCDrainStackTargetSize                   = 64                                        {product} {ergonomic}
   size_t InitialHeapSize                          = 132120576                                 {product} {ergonomic}
   size_t MarkStackSize                            = 4194304                                   {product} {ergonomic}
   size_t MaxHeapSize                              = 2109734912                                {product} {ergonomic}
   size_t MinHeapDeltaBytes                        = 1048576                                   {product} {ergonomic}
   size_t MinHeapSize                              = 8388608                                   {product} {ergonomic}
    uintx NonNMethodCodeHeapSize                   = 5836300                                {pd product} {ergonomic}
    uintx NonProfiledCodeHeapSize                  = 122910970                              {pd product} {ergonomic}
    uintx ProfiledCodeHeapSize                     = 122910970                              {pd product} {ergonomic}
    uintx ReservedCodeCacheSize                    = 251658240                              {pd product} {ergonomic}
     bool SegmentedCodeCache                       = true                                      {product} {ergonomic}
   size_t SoftMaxHeapSize                          = 2109734912                             {manageable} {ergonomic}
     bool UseCompressedClassPointers               = true                                 {lp64_product} {ergonomic}
     bool UseCompressedOops                        = true                                 {lp64_product} {ergonomic}
     bool UseG1GC                                  = true                                      {product} {ergonomic}
     bool UseLargePagesIndividualAllocation        = false                                  {pd product} {ergonomic}

Logging:
Log output configuration:
 #0: stdout all=warning uptime,level,tags
 #1: stderr all=off uptime,level,tags

Environment Variables:
JAVA_HOME=C:\Program Files\Java\jdk-13
CLASSPATH=C:\Program Files\Java\jdk-13\lib
PATH=C:/Program Files/Java/jdk-13/bin/server;C:/Program Files/Java/jdk-13/bin;C:\Program Files\Java\jdk-13\bin;C:\Windows\System32\;C:\Windows\;C:\Windows\System32\Wbem;C:\Program Files\MongoDB\Server\4.2\bin;"C:\Program Files\Java\jdk-13\bin;,";C:\Program Files\Java\jdk-13\bin;C:\MongoDB\Server\4.0\bin;C:\Users\Nguyen Duc Thien\Downloads\eclipse-jee-2019-09-R-win32-x86_64\eclipse;
USERNAME=Nguyen Duc Thien
OS=Windows_NT
PROCESSOR_IDENTIFIER=Intel64 Family 6 Model 142 Stepping 12, GenuineIntel



---------------  S Y S T E M  ---------------

OS: Windows 10 , 64 bit Build 17763 (10.0.17763.475)

CPU:total 8 (initial active 8) (4 cores per cpu, 2 threads per core) family 6 model 142 stepping 12, cmov, cx8, fxsr, mmx, sse, sse2, sse3, ssse3, sse4.1, sse4.2, popcnt, avx, avx2, aes, clmul, erms, 3dnowpref, lzcnt, ht, tsc, tscinvbit, bmi1, bmi2, adx, fma

Memory: 4k page, system-wide physical 8043M (302M free)
TotalPageFile size 32619M (AvailPageFile size 5M)
current process WorkingSet (physical memory assigned to process): 10M, peak: 10M
current process commit charge ("private bytes"): 59M, peak: 60M

vm_info: Java HotSpot(TM) 64-Bit Server VM (13+33) for windows-amd64 JRE (13+33), built on Sep 18 2019 21:38:00 by "mach5one" with unknown MS VC++:1916

END.
